2020-11-02 17:14:59,324 - "message: (text: /start, id: 18) | from: (username: R_Sanek, id: 511120003 | chat: {'id': 511120003, 'type': 'private', 'username': 'R_Sanek', 'first_name': 'СαнΩ🍄'} | reply: (text: start, chat: (id: 511120003, first_name: СαнΩ🍄)"
2020-11-02 22:32:06,386 - message: (text: /start, id: 20) | from: (username: R_Sanek, id: 511120003 | chat: {'id': 511120003, 'type': 'private', 'username': 'R_Sanek', 'first_name': 'СαнΩ🍄'} | reply: (text: start, chat: (id: 511120003, first_name: СαнΩ🍄)
2020-11-02 22:33:14,252 - message: (text: /start, id: 23) | from: (username: R_Sanek, id: 511120003 | chat: {'id': 511120003, 'type': 'private', 'username': 'R_Sanek', 'first_name': 'СαнΩ🍄'} | reply: (text: start, chat: (id: 511120003, first_name: СαнΩ🍄)
2020-11-02 22:33:27,447 - message: (text: /start, id: 25) | from: (username: R_Sanek, id: 511120003 | chat: {'id': 511120003, 'type': 'private', 'username': 'R_Sanek', 'first_name': 'СαнΩ🍄'} | reply: (text: start, chat: (id: 511120003, first_name: СαнΩ🍄)
2020-11-02 22:33:34,984 - message: (text: /start, id: 27) | from: (username: R_Sanek, id: 511120003 | chat: {'id': 511120003, 'type': 'private', 'username': 'R_Sanek', 'first_name': 'СαнΩ🍄'} | reply: (text: start, chat: (id: 511120003, first_name: СαнΩ🍄)
2020-11-02 22:33:41,549 - message: (text: /start, id: 29) | from: (username: R_Sanek, id: 511120003 | chat: {'id': 511120003, 'type': 'private', 'username': 'R_Sanek', 'first_name': 'СαнΩ🍄'} | reply: (text: start, chat: (id: 511120003, first_name: СαнΩ🍄)
2020-11-02 22:34:00,156 - message: (text: /start, id: 31) | from: (username: R_Sanek, id: 511120003 | chat: {'id': 511120003, 'type': 'private', 'username': 'R_Sanek', 'first_name': 'СαнΩ🍄'} | reply: (text: start, chat: (id: 511120003, first_name: СαнΩ🍄)
2020-11-02 22:34:30,176 - message: (text: /start, id: 33) | from: (username: R_Sanek, id: 511120003 | chat: {'id': 511120003, 'type': 'private', 'username': 'R_Sanek', 'first_name': 'СαнΩ🍄'} | reply: (text: start, chat: (id: 511120003, first_name: СαнΩ🍄)
2020-11-02 22:57:30,633 - message: (text: /start, id: 35) | from: (username: R_Sanek, id: 511120003 | chat: {'id': 511120003, 'type': 'private', 'username': 'R_Sanek', 'first_name': 'СαнΩ🍄'} | reply: (text: start, chat: (id: 511120003, first_name: СαнΩ🍄)
2020-11-02 22:57:47,461 - message: (text: /start, id: 37) | from: (username: R_Sanek, id: 511120003 | chat: {'id': 511120003, 'type': 'private', 'username': 'R_Sanek', 'first_name': 'СαнΩ🍄'} | reply: (text: start, chat: (id: 511120003, first_name: СαнΩ🍄)
2020-11-03 00:16:17,077 - message: (text: /start, id: 39) | from: (username: R_Sanek, id: 511120003 | chat: {'id': 511120003, 'type': 'private', 'username': 'R_Sanek', 'first_name': 'СαнΩ🍄'} | reply: (text: start, chat: (id: 511120003, first_name: СαнΩ🍄)
2020-11-03 00:16:43,727 - message: (text: /start, id: 2735) | from: (username: R_Sanek, id: 511120003 | chat: {'id': -1001262103286, 'type': 'supergroup', 'title': 'Test Chat'} | reply: (text: start, chat: (id: -1001262103286, first_name: None)
2020-11-03 00:16:54,053 - message: (text: /start, id: 2738) | from: (username: Rez_Oleksandr, id: 414952376 | chat: {'id': -1001262103286, 'type': 'supergroup', 'title': 'Test Chat'} | reply: (text: start, chat: (id: -1001262103286, first_name: None)
2020-11-03 01:03:19,072 - message: (text: /start, id: 41) | from: (username: R_Sanek, id: 511120003 | chat: {'id': 511120003, 'type': 'private', 'username': 'R_Sanek', 'first_name': 'СαнΩ🍄'} | reply: (text: start, chat: (id: 511120003, first_name: СαнΩ🍄)
2020-11-03 01:03:33,460 - message: (text: /start, id: 43) | from: (username: R_Sanek, id: 511120003 | chat: {'id': 511120003, 'type': 'private', 'username': 'R_Sanek', 'first_name': 'СαнΩ🍄'} | reply: (text: start, chat: (id: 511120003, first_name: СαнΩ🍄)
2020-11-03 01:04:41,830 - message: (text: /start, id: 2742) | from: (username: R_Sanek, id: 511120003 | chat: {'id': -1001262103286, 'type': 'supergroup', 'title': 'Test Chat'} | reply: (text: start, chat: (id: -1001262103286, first_name: None)
2020-11-03 01:04:42,076 - message: (text: /start, id: 2743) | from: (username: R_Sanek, id: 511120003 | chat: {'id': -1001262103286, 'type': 'supergroup', 'title': 'Test Chat'} | reply: (text: start, chat: (id: -1001262103286, first_name: None)
2020-11-03 01:04:42,341 - message: (text: /start, id: 2746) | from: (username: R_Sanek, id: 511120003 | chat: {'id': -1001262103286, 'type': 'supergroup', 'title': 'Test Chat'} | reply: (text: start, chat: (id: -1001262103286, first_name: None)
2020-11-03 01:04:42,605 - message: (text: /start, id: 2747) | from: (username: R_Sanek, id: 511120003 | chat: {'id': -1001262103286, 'type': 'supergroup', 'title': 'Test Chat'} | reply: (text: start, chat: (id: -1001262103286, first_name: None)
2020-11-03 01:04:42,834 - message: (text: /start, id: 2749) | from: (username: R_Sanek, id: 511120003 | chat: {'id': -1001262103286, 'type': 'supergroup', 'title': 'Test Chat'} | reply: (text: start, chat: (id: -1001262103286, first_name: None)
2020-11-03 01:04:43,070 - message: (text: /start, id: 2751) | from: (username: Rez_Oleksandr, id: 414952376 | chat: {'id': -1001262103286, 'type': 'supergroup', 'title': 'Test Chat'} | reply: (text: start, chat: (id: -1001262103286, first_name: None)
2020-11-03 01:04:52,145 - message: (text: /start, id: 45) | from: (username: R_Sanek, id: 511120003 | chat: {'id': 511120003, 'type': 'private', 'username': 'R_Sanek', 'first_name': 'СαнΩ🍄'} | reply: (text: start, chat: (id: 511120003, first_name: СαнΩ🍄)
2020-11-03 01:05:05,769 - message: (text: /start, id: 47) | from: (username: R_Sanek, id: 511120003 | chat: {'id': 511120003, 'type': 'private', 'username': 'R_Sanek', 'first_name': 'СαнΩ🍄'} | reply: (text: start, chat: (id: 511120003, first_name: СαнΩ🍄)
2020-11-03 01:05:48,187 - message: (text: /start, id: 2762) | from: (username: R_Sanek, id: 511120003 | chat: {'id': -1001262103286, 'type': 'supergroup', 'title': 'Test Chat'} | reply: (text: start, chat: (id: -1001262103286, first_name: None)
2020-11-03 01:07:49,894 - message: (text: /start, id: 16526) | from: (username: R_Sanek, id: 511120003 | chat: {'id': -1001358872048, 'type': 'supergroup', 'title': 'Хочю шекаладку'} | reply: (text: start, chat: (id: -1001358872048, first_name: None)
2020-11-03 01:09:07,469 - message: (text: /add_user, id: 2764) | from: (username: R_Sanek, id: 511120003 | chat: {'id': -1001262103286, 'type': 'supergroup', 'title': 'Test Chat'} | reply: (text: У вас недостаточно прав, chat: (id: -1001262103286, first_name: None)
2020-11-03 01:25:07,011 - message: (text: /add_admin, id: 2783) | from: (username: R_Sanek, id: 511120003 | chat: {'id': -1001262103286, 'type': 'supergroup', 'title': 'Test Chat'} | reply: (text: Призначення успішне, chat: (id: -1001262103286, first_name: None)
2020-11-03 01:25:40,229 - message: (text: /add_admin, id: 16534) | from: (username: R_Sanek, id: 511120003 | chat: {'id': -1001358872048, 'type': 'supergroup', 'title': 'Хочю шекаладку'} | reply: (text: Призначення успішне, chat: (id: -1001358872048, first_name: None)
2020-11-03 01:30:59,170 - Message without text
2020-11-03 01:35:06,654 - message: (text: /start, id: 2801) | from: (username: R_Sanek, id: 511120003 | chat: {'id': -1001262103286, 'type': 'supergroup', 'title': 'Test Chat'} | reply: (text: start, chat: (id: -1001262103286, first_name: None)
2020-11-03 10:36:38,799 - message: (text: /start, id: 16576) | from: (username: R_Sanek, id: 511120003 | chat: {'id': -1001358872048, 'type': 'supergroup', 'title': 'Хочю шекаладку'} | reply: (text: start, chat: (id: -1001358872048, first_name: None)
2020-11-03 11:03:24,328 - message: (text: Додати адміна, id: 16629) | from: (username: R_Sanek, id: 511120003 | chat: {'id': -1001358872048, 'type': 'supergroup', 'title': 'Хочю шекаладку'} | reply: (text: Призначення успішне, chat: (id: -1001358872048, first_name: None)
2020-11-03 13:12:10,731 - message: (text: /add_admin, id: 2809) | from: (username: R_Sanek, id: 511120003 | chat: {'id': -1001262103286, 'type': 'supergroup', 'title': 'Test Chat'} | reply: (text: Призначення успішне, chat: (id: -1001262103286, first_name: None)
2020-11-03 13:16:34,565 - message: (text: /start, id: 2818) | from: (username: R_Sanek, id: 511120003 | chat: {'id': -1001262103286, 'type': 'supergroup', 'title': 'Test Chat'} | reply: (text: start, chat: (id: -1001262103286, first_name: None)
2020-11-03 13:16:41,434 - message: (text: /add_admin, id: 2821) | from: (username: R_Sanek, id: 511120003 | chat: {'id': -1001262103286, 'type': 'supergroup', 'title': 'Test Chat'} | reply: (text: Призначення успішне, chat: (id: -1001262103286, first_name: None)
2020-11-03 13:16:45,816 - message: (text: /promote, id: 2823) | from: (username: R_Sanek, id: 511120003 | chat: {'id': -1001262103286, 'type': 'supergroup', 'title': 'Test Chat'} | reply: (text: Рівень прав повишено до 2, chat: (id: -1001262103286, first_name: None)
2020-11-03 13:17:45,876 - message: (text: /promote, id: 2825) | from: (username: R_Sanek, id: 511120003 | chat: {'id': -1001262103286, 'type': 'supergroup', 'title': 'Test Chat'} | reply: (text: Рівень прав повишено до 2, chat: (id: -1001262103286, first_name: None)
2020-11-03 13:17:56,538 - message: (text: /promote, id: 2828) | from: (username: R_Sanek, id: 511120003 | chat: {'id': -1001262103286, 'type': 'supergroup', 'title': 'Test Chat'} | reply: (text: Рівень прав повишено до 3, chat: (id: -1001262103286, first_name: None)
2020-11-03 13:18:00,605 - message: (text: /promote, id: 2830) | from: (username: R_Sanek, id: 511120003 | chat: {'id': -1001262103286, 'type': 'supergroup', 'title': 'Test Chat'} | reply: (text: Максимальний рівень прав (3), chat: (id: -1001262103286, first_name: None)
2020-11-03 13:18:11,088 - message: (text: /demote, id: 2832) | from: (username: R_Sanek, id: 511120003 | chat: {'id': -1001262103286, 'type': 'supergroup', 'title': 'Test Chat'} | reply: (text: Рівень прав зменшено до 2, chat: (id: -1001262103286, first_name: None)
2020-11-03 13:18:18,090 - message: (text: /demote, id: 2835) | from: (username: R_Sanek, id: 511120003 | chat: {'id': -1001262103286, 'type': 'supergroup', 'title': 'Test Chat'} | reply: (text: Рівень прав зменшено до 1, chat: (id: -1001262103286, first_name: None)
2020-11-03 13:18:21,906 - message: (text: /demote, id: 2837) | from: (username: R_Sanek, id: 511120003 | chat: {'id': -1001262103286, 'type': 'supergroup', 'title': 'Test Chat'} | reply: (text: Рівень прав зменшено до 0, chat: (id: -1001262103286, first_name: None)
2020-11-03 13:18:25,815 - message: (text: /demote, id: 2839) | from: (username: R_Sanek, id: 511120003 | chat: {'id': -1001262103286, 'type': 'supergroup', 'title': 'Test Chat'} | reply: (text: Мінімальний рівень прав (0), chat: (id: -1001262103286, first_name: None)
2020-11-03 13:19:41,934 - message: (text: /demote, id: 16649) | from: (username: R_Sanek, id: 511120003 | chat: {'id': -1001358872048, 'type': 'supergroup', 'title': 'Хочю шекаладку'} | reply: (text: Рівень прав зменшено до 0, chat: (id: -1001358872048, first_name: None)
2020-11-03 13:20:20,914 - message: (text: /promote, id: 16653) | from: (username: SleppySoul, id: 576509364 | chat: {'id': -1001358872048, 'type': 'supergroup', 'title': 'Хочю шекаладку'} | reply: (text: Рівень прав повишено до 1, chat: (id: -1001358872048, first_name: None)
2020-11-03 13:20:34,132 - message: (text: /promote, id: 16656) | from: (username: SleppySoul, id: 576509364 | chat: {'id': -1001358872048, 'type': 'supergroup', 'title': 'Хочю шекаладку'} | reply: (text: Рівень прав повишено до 2, chat: (id: -1001358872048, first_name: None)
2020-11-03 13:25:55,912 - message: (text: /promote, id: 16669) | from: (username: SleppySoul, id: 576509364 | chat: {'id': -1001358872048, 'type': 'supergroup', 'title': 'Хочю шекаладку'} | reply: (text: Рівень прав повишено до 2, chat: (id: -1001358872048, first_name: None)
2020-11-03 13:27:19,659 - message: (text: /promote, id: 16678) | from: (username: SleppySoul, id: 576509364 | chat: {'id': -1001358872048, 'type': 'supergroup', 'title': 'Хочю шекаладку'} | reply: (text: Рівень прав повишено до 1, chat: (id: -1001358872048, first_name: None)
2020-11-03 13:31:50,864 - message: (text: /promote, id: 16702) | from: (username: R_Sanek, id: 511120003 | chat: {'id': -1001358872048, 'type': 'supergroup', 'title': 'Хочю шекаладку'} | reply: (text: Рівень прав повишено до 2, chat: (id: -1001358872048, first_name: None)
2020-11-03 13:32:01,214 - message: (text: /promote, id: 16705) | from: (username: SleppySoul, id: 576509364 | chat: {'id': -1001358872048, 'type': 'supergroup', 'title': 'Хочю шекаладку'} | reply: (text: Рівень прав повишено до 1, chat: (id: -1001358872048, first_name: None)
2020-11-03 13:33:30,696 - message: (text: /promote, id: 16716) | from: (username: SleppySoul, id: 576509364 | chat: {'id': -1001358872048, 'type': 'supergroup', 'title': 'Хочю шекаладку'} | reply: (text: Рівень прав повишено до 2, chat: (id: -1001358872048, first_name: None)
2020-11-03 13:42:03,402 - message: (text: /demote, id: 16724) | from: (username: R_Sanek, id: 511120003 | chat: {'id': -1001358872048, 'type': 'supergroup', 'title': 'Хочю шекаладку'} | reply: (text: Рівень прав зменшено до 1, chat: (id: -1001358872048, first_name: None)
2020-11-03 13:42:07,964 - message: (text: /demote, id: 16726) | from: (username: R_Sanek, id: 511120003 | chat: {'id': -1001358872048, 'type': 'supergroup', 'title': 'Хочю шекаладку'} | reply: (text: Рівень прав зменшено до 0, chat: (id: -1001358872048, first_name: None)
2020-11-03 13:50:54,380 - message: (text: /start, id: 16735) | from: (username: Rez_Oleksandr, id: 414952376 | chat: {'id': -1001358872048, 'type': 'supergroup', 'title': 'Хочю шекаладку'} | reply: (text: start, chat: (id: -1001358872048, first_name: None)
2020-11-03 13:51:41,489 - message: (text: /add_admin, id: 16740) | from: (username: R_Sanek, id: 511120003 | chat: {'id': -1001358872048, 'type': 'supergroup', 'title': 'Хочю шекаладку'} | reply: (text: Призначення успішне, chat: (id: -1001358872048, first_name: None)
2020-11-03 13:52:11,842 - message: (text: /demote, id: 16744) | from: (username: Rez_Oleksandr, id: 414952376 | chat: {'id': -1001358872048, 'type': 'supergroup', 'title': 'Хочю шекаладку'} | reply: (text: Рівень прав зменшено до 0, chat: (id: -1001358872048, first_name: None)
2020-11-03 13:53:02,874 - message: (text: /demote, id: 16746) | from: (username: Rez_Oleksandr, id: 414952376 | chat: {'id': -1001358872048, 'type': 'supergroup', 'title': 'Хочю шекаладку'} | reply: (text: Рівень прав зменшено до 2, chat: (id: -1001358872048, first_name: None)
2020-11-03 15:18:56,304 - message: (text: /start, id: 2842) | from: (username: R_Sanek, id: 511120003 | chat: {'id': -1001262103286, 'type': 'supergroup', 'title': 'Test Chat'} | reply: (text: start, chat: (id: -1001262103286, first_name: None)
2020-11-03 15:19:09,782 - message: (text: /start, id: 2845) | from: (username: R_Sanek, id: 511120003 | chat: {'id': -1001262103286, 'type': 'supergroup', 'title': 'Test Chat'} | reply: (text: start, chat: (id: -1001262103286, first_name: None)
2020-11-03 15:19:20,466 - message: (text: /start, id: 2848) | from: (username: R_Sanek, id: 511120003 | chat: {'id': -1001262103286, 'type': 'supergroup', 'title': 'Test Chat'} | reply: (text: start, chat: (id: -1001262103286, first_name: None)
2020-11-03 15:19:29,596 - message: (text: /start, id: 2850) | from: (username: R_Sanek, id: 511120003 | chat: {'id': -1001262103286, 'type': 'supergroup', 'title': 'Test Chat'} | reply: (text: start, chat: (id: -1001262103286, first_name: None)
2020-11-03 15:20:55,604 - message: (text: /start, id: 2852) | from: (username: R_Sanek, id: 511120003 | chat: {'id': -1001262103286, 'type': 'supergroup', 'title': 'Test Chat'} | reply: (text: start, chat: (id: -1001262103286, first_name: None)
2020-11-03 15:21:17,205 - message: (text: /start, id: 2855) | from: (username: R_Sanek, id: 511120003 | chat: {'id': -1001262103286, 'type': 'supergroup', 'title': 'Test Chat'} | reply: (text: start, chat: (id: -1001262103286, first_name: None)
2020-11-03 15:21:26,647 - message: (text: /start, id: 2857) | from: (username: R_Sanek, id: 511120003 | chat: {'id': -1001262103286, 'type': 'supergroup', 'title': 'Test Chat'} | reply: (text: start, chat: (id: -1001262103286, first_name: None)
2020-11-03 15:21:32,675 - message: (text: /start, id: 2859) | from: (username: R_Sanek, id: 511120003 | chat: {'id': -1001262103286, 'type': 'supergroup', 'title': 'Test Chat'} | reply: (text: start, chat: (id: -1001262103286, first_name: None)
2020-11-03 15:21:41,158 - message: (text: /start, id: 2861) | from: (username: R_Sanek, id: 511120003 | chat: {'id': -1001262103286, 'type': 'supergroup', 'title': 'Test Chat'} | reply: (text: start, chat: (id: -1001262103286, first_name: None)
2020-11-03 15:21:49,721 - message: (text: /start ua, id: 2864) | from: (username: R_Sanek, id: 511120003 | chat: {'id': -1001262103286, 'type': 'supergroup', 'title': 'Test Chat'} | reply: (text: start, chat: (id: -1001262103286, first_name: None)
2020-11-03 15:21:55,364 - message: (text: /start uk, id: 2867) | from: (username: R_Sanek, id: 511120003 | chat: {'id': -1001262103286, 'type': 'supergroup', 'title': 'Test Chat'} | reply: (text: start, chat: (id: -1001262103286, first_name: None)
2020-11-03 15:22:07,333 - message: (text: /start ua, id: 16766) | from: (username: R_Sanek, id: 511120003 | chat: {'id': -1001358872048, 'type': 'supergroup', 'title': 'Хочю шекаладку'} | reply: (text: start, chat: (id: -1001358872048, first_name: None)
2020-11-03 17:02:53,140 - message: (text: /add_admin, id: 2875) | from: (username: R_Sanek, id: 511120003 | chat: {'id': -1001262103286, 'type': 'supergroup', 'title': 'Test Chat'} | reply: (text: Чат не активний, chat: (id: -1001262103286, first_name: None)
2020-11-03 17:03:06,956 - message: (text: /add_admin, id: 2878) | from: (username: R_Sanek, id: 511120003 | chat: {'id': -1001262103286, 'type': 'supergroup', 'title': 'Test Chat'} | reply: (text: Чат не активний, chat: (id: -1001262103286, first_name: None)
2020-11-03 17:03:39,256 - message: (text: /start ua, id: 2883) | from: (username: R_Sanek, id: 511120003 | chat: {'id': -1001262103286, 'type': 'supergroup', 'title': 'Test Chat'} | reply: (text: start, chat: (id: -1001262103286, first_name: None)
2020-11-03 17:04:41,314 - message: (text: /add_admin, id: 2886) | from: (username: R_Sanek, id: 511120003 | chat: {'id': -1001262103286, 'type': 'supergroup', 'title': 'Test Chat'} | reply: (text: Chat is not active, chat: (id: -1001262103286, first_name: None)
2020-11-17 18:43:46,878 - message: (text: /start, id: 50) | from: (username: R_Sanek, id: 511120003 | chat: {'id': 511120003, 'type': 'private', 'username': 'R_Sanek', 'first_name': 'СαнΩ🍄'} | reply: (text: Start, chat: (id: 511120003, first_name: СαнΩ🍄)
2020-11-17 19:05:48,824 - message: (text: /start, id: 2889) | from: (username: R_Sanek, id: 511120003 | chat: {'id': -1001262103286, 'type': 'supergroup', 'title': 'Test Chat'} | reply: (text: Start, chat: (id: -1001262103286, first_name: None)
2020-11-17 21:27:16,113 - message: (text: /start, id: 54) | from: (username: R_Sanek, id: 511120003 | chat: {'id': 511120003, 'type': 'private', 'username': 'R_Sanek', 'first_name': 'СαнΩ🍄'} | reply: (text: Start, chat: (id: 511120003, first_name: СαнΩ🍄)
2020-11-17 21:28:32,690 - message: (text: /start, id: 57) | from: (username: R_Sanek, id: 511120003 | chat: {'id': 511120003, 'type': 'private', 'username': 'R_Sanek', 'first_name': 'СαнΩ🍄'} | reply: (text: Start, chat: (id: 511120003, first_name: СαнΩ🍄)
2020-11-17 21:28:34,693 - message: (text: /start, id: 59) | from: (username: R_Sanek, id: 511120003 | chat: {'id': 511120003, 'type': 'private', 'username': 'R_Sanek', 'first_name': 'СαнΩ🍄'} | reply: (text: Start, chat: (id: 511120003, first_name: СαнΩ🍄)
2021-01-05 17:02:42,972 - message: (text: /start, id: 31303) | from: (username: R_Sanek, id: 511120003 | chat: {'id': -1001358872048, 'type': 'supergroup', 'title': 'Моє болото'} | reply: (text: Start, chat: (id: -1001358872048, first_name: None) | reply_markup: None
2021-01-05 19:17:59,800 - message: (text: /start, id: 31373) | from: (username: R_Sanek, id: 511120003 | chat: {'id': -1001358872048, 'type': 'supergroup', 'title': 'Моє болото'} | reply: (text: Start, chat: (id: -1001358872048, first_name: None) | reply_markup: None
2021-01-05 21:10:11,263 - message: (text: /start, id: 2894) | from: (username: R_Sanek, id: 511120003 | chat: {'id': -1001262103286, 'type': 'supergroup', 'title': 'Test Chat'} | reply: (text: Start, chat: (id: -1001262103286, first_name: None) | reply_markup: None
2021-01-05 21:14:11,548 - message: (text: /start, id: 2896) | from: (username: Rez_Oleksandr, id: 414952376 | chat: {'id': -1001262103286, 'type': 'supergroup', 'title': 'Test Chat'} | reply: (text: Start, chat: (id: -1001262103286, first_name: None) | reply_markup: None
2021-01-05 21:21:35,077 - message: (text: /me, id: 2898) | from: (username: Rez_Oleksandr, id: 414952376 | chat: {'id': -1001262103286, 'type': 'supergroup', 'title': 'Test Chat'} | reply: (text: ID: 414952376
Username: Rez_Oleksandr
Права: 10, chat: (id: -1001262103286, first_name: None) | reply_markup: None
2021-01-05 21:22:05,741 - message: (text: /me, id: 2900) | from: (username: Rez_Oleksandr, id: 414952376 | chat: {'id': -1001262103286, 'type': 'supergroup', 'title': 'Test Chat'} | reply: (text: ID: 414952376
@Username: Rez_Oleksandr
Права: 1, chat: (id: -1001262103286, first_name: None) | reply_markup: None
2021-01-05 21:28:45,177 - message: (text: /me, id: 31390) | from: (username: Rez_Oleksandr, id: 414952376 | chat: {'id': -1001358872048, 'type': 'supergroup', 'title': 'Моє болото'} | reply: (text: ID: 414952376
@Username: Rez_Oleksandr
Права: 1, chat: (id: -1001358872048, first_name: None) | reply_markup: None
2021-01-05 21:29:14,046 - message: (text: /me, id: 31393) | from: (username: Rez_Oleksandr, id: 414952376 | chat: {'id': -1001358872048, 'type': 'supergroup', 'title': 'Моє болото'} | reply: (text: ID: 414952376
Username: @Rez_Oleksandr
Права: 1, chat: (id: -1001358872048, first_name: None) | reply_markup: None
2021-01-05 21:29:23,885 - message: (text: /me, id: 31395) | from: (username: guiltymysoul, id: 601044575 | chat: {'id': -1001358872048, 'type': 'supergroup', 'title': 'Моє болото'} | reply: (text: ID: 601044575
Username: @guiltymysoul
Права: 2, chat: (id: -1001358872048, first_name: None) | reply_markup: None
2021-01-05 21:29:31,735 - message: (text: /me, id: 31397) | from: (username: R_Sanek, id: 511120003 | chat: {'id': -1001358872048, 'type': 'supergroup', 'title': 'Моє болото'} | reply: (text: ID: 511120003
Username: @R_Sanek
Права: 4, chat: (id: -1001358872048, first_name: None) | reply_markup: None
2021-01-05 21:30:01,396 - message: (text: /me, id: 2902) | from: (username: Rez_Oleksandr, id: 414952376 | chat: {'id': -1001262103286, 'type': 'supergroup', 'title': 'Test Chat'} | reply: (text: ID: 414952376
Username: @Rez_Oleksandr
Права: 1, chat: (id: -1001262103286, first_name: None) | reply_markup: None
2021-01-05 21:30:17,290 - message: (text: /me, id: 2905) | from: (username: Rez_Oleksandr, id: 414952376 | chat: {'id': -1001262103286, 'type': 'supergroup', 'title': 'Test Chat'} | reply: (text: ID: 414952376
Username: @Rez_Oleksandr
Права: 1, chat: (id: -1001262103286, first_name: None) | reply_markup: None
2021-01-05 22:28:46,548 - message: (text: /me, id: 31399) | from: (username: SleppySoul, id: 576509364 | chat: {'id': -1001358872048, 'type': 'supergroup', 'title': 'Моє болото'} | reply: (text: ID: 576509364
Username: @SleppySoul
Права: 0, chat: (id: -1001358872048, first_name: None) | reply_markup: None
2021-01-06 11:23:54,241 - message: (text: /me, id: 2908) | from: (username: Rez_Oleksandr, id: 414952376 | chat: {'id': -1001262103286, 'type': 'supergroup', 'title': 'Test Chat'} | reply: (text: ID: 414952376
Username: @Rez_Oleksandr
Права: 1, chat: (id: -1001262103286, first_name: None) | reply_markup: None
2021-01-06 11:55:58,687 - message: (text: /me, id: 2918) | from: (username: R_Sanek, id: 511120003 | chat: {'id': -1001262103286, 'type': 'supergroup', 'title': 'Test Chat'} | reply: (text: ID: 511120003
Username: @R_Sanek
Права: 4, chat: (id: -1001262103286, first_name: None) | reply_markup: None
2021-01-06 11:56:34,903 - message: (text: /me, id: 2922) | from: (username: R_Sanek, id: 511120003 | chat: {'id': -1001262103286, 'type': 'supergroup', 'title': 'Test Chat'} | reply: (text: ID: 511120003
Username: @R_Sanek
Права: 4, chat: (id: -1001262103286, first_name: None) | reply_markup: None
2021-01-06 11:56:45,258 - message: (text: /me, id: 2924) | from: (username: R_Sanek, id: 511120003 | chat: {'id': -1001262103286, 'type': 'supergroup', 'title': 'Test Chat'} | reply: (text: ID: 511120003
Username: @R_Sanek
Права: 1, chat: (id: -1001262103286, first_name: None) | reply_markup: None
2021-01-06 11:59:33,866 - message: (text: /me, id: 2943) | from: (username: R_Sanek, id: 511120003 | chat: {'id': -1001262103286, 'type': 'supergroup', 'title': 'Test Chat'} | reply: (text: ID: 511120003
Username: @R_Sanek
Права: 0, chat: (id: -1001262103286, first_name: None) | reply_markup: None
2021-01-06 11:59:49,083 - message: (text: /me, id: 2945) | from: (username: R_Sanek, id: 511120003 | chat: {'id': -1001262103286, 'type': 'supergroup', 'title': 'Test Chat'} | reply: (text: ID: 511120003
Username: @R_Sanek
Права: 0, chat: (id: -1001262103286, first_name: None) | reply_markup: None
2021-01-06 14:29:07,105 - message: (text: Ро 2хв, id: 31418) | from: (username: R_Sanek, id: 511120003 | chat: {'id': -1001358872048, 'type': 'supergroup', 'title': 'Моє болото'} | reply: (text: Користувача обмежено на 2хв, chat: (id: -1001358872048, first_name: None) | reply_markup: None
2021-01-06 16:57:27,399 - message: (text: Ro, id: 2996) | from: (username: R_Sanek, id: 511120003 | chat: {'id': -1001262103286, 'type': 'supergroup', 'title': 'Test Chat'} | reply: (text: Користувача обмежено на 5хв, chat: (id: -1001262103286, first_name: None) | reply_markup: None
2021-01-06 16:57:36,034 - message: (text: Оберіть мову:, id: 2999) | from: (username: ultimateadmin_bot, id: 1436848532 | chat: {'id': -1001262103286, 'type': 'supergroup', 'title': 'Test Chat'} | reply: (text: Start, chat: (id: -1001262103286, first_name: None) | reply_markup: {'inline_keyboard': [[{'text': '🇷🇺Русский', 'callback_data': 'ru'}, {'text': '🇺🇦Українська', 'callback_data': 'ua'}]]}
2021-01-06 16:57:49,740 - message: (text: Выберите язык:, id: 2999) | from: (username: ultimateadmin_bot, id: 1436848532 | chat: {'id': -1001262103286, 'type': 'supergroup', 'title': 'Test Chat'} | reply: (text: Start, chat: (id: -1001262103286, first_name: None) | reply_markup: {'inline_keyboard': [[{'text': '🇷🇺Русский', 'callback_data': 'ru'}, {'text': '🇺🇦Українська', 'callback_data': 'ua'}]]}
2021-01-06 16:57:51,126 - message: (text: Оберіть мову:, id: 2999) | from: (username: ultimateadmin_bot, id: 1436848532 | chat: {'id': -1001262103286, 'type': 'supergroup', 'title': 'Test Chat'} | reply: (text: Start, chat: (id: -1001262103286, first_name: None) | reply_markup: {'inline_keyboard': [[{'text': '🇷🇺Русский', 'callback_data': 'ru'}, {'text': '🇺🇦Українська', 'callback_data': 'ua'}]]}
2021-01-06 16:58:36,266 - message: (text: Ro, id: 3007) | from: (username: R_Sanek, id: 511120003 | chat: {'id': -1001262103286, 'type': 'supergroup', 'title': 'Test Chat'} | reply: (text: Пользователь ограничен на 5м, chat: (id: -1001262103286, first_name: None) | reply_markup: None
2021-01-06 16:58:44,108 - message: (text: Выберите язык:, id: 2999) | from: (username: ultimateadmin_bot, id: 1436848532 | chat: {'id': -1001262103286, 'type': 'supergroup', 'title': 'Test Chat'} | reply: (text: Мову змінено на українську, chat: (id: -1001262103286, first_name: None) | reply_markup: {'inline_keyboard': [[{'text': '🇷🇺Русский', 'callback_data': 'ru'}, {'text': '🇺🇦Українська', 'callback_data': 'ua'}]]}
2021-01-06 16:58:57,977 - message: (text: Ro 5хв, id: 3010) | from: (username: R_Sanek, id: 511120003 | chat: {'id': -1001262103286, 'type': 'supergroup', 'title': 'Test Chat'} | reply: (text: Користувача обмежено на 5хв, chat: (id: -1001262103286, first_name: None) | reply_markup: None
2021-01-06 16:59:11,047 - message: (text: Рідонлі 5м, id: 3012) | from: (username: R_Sanek, id: 511120003 | chat: {'id': -1001262103286, 'type': 'supergroup', 'title': 'Test Chat'} | reply: (text: Користувача обмежено на 5хв, chat: (id: -1001262103286, first_name: None) | reply_markup: None
2021-01-06 17:14:49,494 - message: (text: /me, id: 3017) | from: (username: R_Sanek, id: 511120003 | chat: {'id': -1001262103286, 'type': 'supergroup', 'title': 'Test Chat'} | reply: (text: ID: 511120003
Username: @R_Sanek
Права: 2, chat: (id: -1001262103286, first_name: None) | reply_markup: None
2021-01-06 17:15:01,667 - message: (text: /demote, id: 3019) | from: (username: Rez_Oleksandr, id: 414952376 | chat: {'id': -1001262103286, 'type': 'supergroup', 'title': 'Test Chat'} | reply: (text: Рівень прав понижено до 1, chat: (id: -1001262103286, first_name: None) | reply_markup: None
2021-01-06 17:15:07,782 - message: (text: Ro, id: 3021) | from: (username: Rez_Oleksandr, id: 414952376 | chat: {'id': -1001262103286, 'type': 'supergroup', 'title': 'Test Chat'} | reply: (text: Користувача обмежено на 5хв, chat: (id: -1001262103286, first_name: None) | reply_markup: None
2021-01-06 17:18:17,836 - message: (text: Ro, id: 3025) | from: (username: Rez_Oleksandr, id: 414952376 | chat: {'id': -1001262103286, 'type': 'supergroup', 'title': 'Test Chat'} | reply: (text: Користувача обмежено на 5хв, chat: (id: -1001262103286, first_name: None) | reply_markup: None
2021-01-06 17:18:23,110 - message: (text: Unban, id: 3027) | from: (username: Rez_Oleksandr, id: 414952376 | chat: {'id': -1001262103286, 'type': 'supergroup', 'title': 'Test Chat'} | reply: (text: Користувача розблоковано, chat: (id: -1001262103286, first_name: None) | reply_markup: None
2021-01-07 12:31:33,386 - message: (text: /start, id: 3034) | from: (username: Rez_Oleksandr, id: 414952376 | chat: {'id': -1001262103286, 'type': 'supergroup', 'title': 'Test Chat'} | reply: (text: Start, chat: (id: -1001262103286, first_name: None) | reply_markup: None
2021-01-07 12:40:00,913 - message: (text: /me, id: 3044) | from: (username: R_Sanek, id: 511120003 | chat: {'id': -1001262103286, 'type': 'supergroup', 'title': 'Test Chat'} | reply: (text: ID: 511120003
Username: @R_Sanek
Права: 1, chat: (id: -1001262103286, first_name: None) | reply_markup: None
2021-01-07 12:51:53,398 - message: (text: /demote, id: 3046) | from: (username: Rez_Oleksandr, id: 414952376 | chat: {'id': -1001262103286, 'type': 'supergroup', 'title': 'Test Chat'} | reply: (text: Рівень прав понижено до 0, chat: (id: -1001262103286, first_name: None) | reply_markup: None
2021-01-07 12:52:04,134 - message: (text: /readonly, id: 3048) | from: (username: Rez_Oleksandr, id: 414952376 | chat: {'id': -1001262103286, 'type': 'supergroup', 'title': 'Test Chat'} | reply: (text: Користувача обмежено на 5хв, chat: (id: -1001262103286, first_name: None) | reply_markup: None
2021-01-07 12:52:13,518 - message: (text: /unban, id: 3050) | from: (username: Rez_Oleksandr, id: 414952376 | chat: {'id': -1001262103286, 'type': 'supergroup', 'title': 'Test Chat'} | reply: (text: Користувача розблоковано, chat: (id: -1001262103286, first_name: None) | reply_markup: None
2021-01-07 12:52:23,674 - message: (text: /restrict_media, id: 3052) | from: (username: Rez_Oleksandr, id: 414952376 | chat: {'id': -1001262103286, 'type': 'supergroup', 'title': 'Test Chat'} | reply: (text: Користувача обмежено на 5хв, chat: (id: -1001262103286, first_name: None) | reply_markup: None
2021-01-07 12:52:55,657 - message: (text: /unban, id: 3056) | from: (username: Rez_Oleksandr, id: 414952376 | chat: {'id': -1001262103286, 'type': 'supergroup', 'title': 'Test Chat'} | reply: (text: Користувача розблоковано, chat: (id: -1001262103286, first_name: None) | reply_markup: None
2021-01-07 13:36:35,989 - message: (text: /help, id: 31469) | from: (username: R_Sanek, id: 511120003 | chat: {'id': -1001358872048, 'type': 'supergroup', 'title': 'Моє болото'} | reply: (text: Список команд:, chat: (id: -1001358872048, first_name: None) | reply_markup: None
2021-01-07 13:37:11,456 - message: (text: /help, id: 31471) | from: (username: R_Sanek, id: 511120003 | chat: {'id': -1001358872048, 'type': 'supergroup', 'title': 'Моє болото'} | reply: (text: Список команд:, chat: (id: -1001358872048, first_name: None) | reply_markup: None
2021-01-07 13:37:16,629 - message: (text: /help, id: 31473) | from: (username: R_Sanek, id: 511120003 | chat: {'id': -1001358872048, 'type': 'supergroup', 'title': 'Моє болото'} | reply: (text: Список команд:, chat: (id: -1001358872048, first_name: None) | reply_markup: None
2021-01-07 13:48:18,168 - message: (text: /help, id: 31475) | from: (username: R_Sanek, id: 511120003 | chat: {'id': -1001358872048, 'type': 'supergroup', 'title': 'Моє болото'} | reply: (text: Список команд:, chat: (id: -1001358872048, first_name: None) | reply_markup: None
2021-01-07 14:06:40,847 - message: (text: Список команд:, id: 31476) | from: (username: ultimateadmin_bot, id: 1436848532 | chat: {'id': -1001358872048, 'type': 'supergroup', 'title': 'Моє болото'} | reply: (text: start, chat: (id: -1001358872048, first_name: None) | reply_markup: {'inline_keyboard': [[{'text': '/start', 'callback_data': 'start'}, {'text': '/help', 'callback_data': 'help'}, {'text': '/me', 'callback_data': 'me'}], [{'text': '/language', 'callback_data': 'language'}, {'text': '/add_admin', 'callback_data': 'add_admin'}, {'text': '/promote', 'callback_data': 'promote'}], [{'text': '/demote', 'callback_data': 'demote'}, {'text': '/pin', 'callback_data': 'pin'}, {'text': '/silent_pin', 'callback_data': 'silent_pin'}], [{'text': '/readonly', 'callback_data': 'readonly'}, {'text': '/restrict_media', 'callback_data': 'restrict_media'}, {'text': '/kick', 'callback_data': 'kick'}], [{'text': '/ban', 'callback_data': 'ban'}, {'text': '/unban', 'callback_data': 'unban'}]]}
2021-01-07 14:06:41,043 - message: (text: Список команд:, id: 31476) | from: (username: ultimateadmin_bot, id: 1436848532 | chat: {'id': -1001358872048, 'type': 'supergroup', 'title': 'Моє болото'} | query_answer: start, 
2021-01-07 14:32:02,601 - message: (text: Список команд:, id: 31476) | from: (username: ultimateadmin_bot, id: 1436848532 | chat: {'id': -1001358872048, 'type': 'supergroup', 'title': 'Моє болото'} | query_answer: /start <мова(необов`язково)>
Активує бота у цьому чаті. Може бути використана для вибору мови, 
2021-01-07 14:32:25,206 - message: (text: /help, id: 31480) | from: (username: R_Sanek, id: 511120003 | chat: {'id': -1001358872048, 'type': 'supergroup', 'title': 'Моє болото'} | reply: (text: Список команд:, chat: (id: -1001358872048, first_name: None) | reply_markup: None
2021-01-07 14:32:26,527 - message: (text: Список команд:, id: 31481) | from: (username: ultimateadmin_bot, id: 1436848532 | chat: {'id': -1001358872048, 'type': 'supergroup', 'title': 'Моє болото'} | reply: (text: /start <мова(необов`язково)>
Активує бота у цьому чаті. Може бути використана для вибору мови, chat: (id: -1001358872048, first_name: None) | reply_markup: {'inline_keyboard': [[{'text': '/start', 'callback_data': 'start'}, {'text': '/help', 'callback_data': 'help'}, {'text': '/me', 'callback_data': 'me'}], [{'text': '/language', 'callback_data': 'language'}, {'text': '/add_admin', 'callback_data': 'add_admin'}, {'text': '/promote', 'callback_data': 'promote'}], [{'text': '/demote', 'callback_data': 'demote'}, {'text': '/pin', 'callback_data': 'pin'}, {'text': '/silent_pin', 'callback_data': 'silent_pin'}], [{'text': '/readonly', 'callback_data': 'readonly'}, {'text': '/restrict_media', 'callback_data': 'restrict_media'}, {'text': '/kick', 'callback_data': 'kick'}], [{'text': '/ban', 'callback_data': 'ban'}, {'text': '/unban', 'callback_data': 'unban'}]]}
2021-01-07 14:33:27,832 - message: (text: /help, id: 31483) | from: (username: R_Sanek, id: 511120003 | chat: {'id': -1001358872048, 'type': 'supergroup', 'title': 'Моє болото'} | reply: (text: Список команд:, chat: (id: -1001358872048, first_name: None) | reply_markup: None
2021-01-07 14:33:29,609 - message: (text: Список команд:, id: 31484) | from: (username: ultimateadmin_bot, id: 1436848532 | chat: {'id': -1001358872048, 'type': 'supergroup', 'title': 'Моє болото'} | reply: (text: /start <мова(необов`язково)>
Активує бота у цьому чаті. Може бути використана для вибору мови, chat: (id: -1001358872048, first_name: None) | reply_markup: {'inline_keyboard': [[{'text': '/start', 'callback_data': 'start'}, {'text': '/help', 'callback_data': 'help'}, {'text': '/me', 'callback_data': 'me'}], [{'text': '/language', 'callback_data': 'language'}, {'text': '/add_admin', 'callback_data': 'add_admin'}, {'text': '/promote', 'callback_data': 'promote'}], [{'text': '/demote', 'callback_data': 'demote'}, {'text': '/pin', 'callback_data': 'pin'}, {'text': '/silent_pin', 'callback_data': 'silent_pin'}], [{'text': '/readonly', 'callback_data': 'readonly'}, {'text': '/restrict_media', 'callback_data': 'restrict_media'}, {'text': '/kick', 'callback_data': 'kick'}], [{'text': '/ban', 'callback_data': 'ban'}, {'text': '/unban', 'callback_data': 'unban'}]]}
2021-01-07 14:42:50,119 - message: (text: /help, id: 31486) | from: (username: R_Sanek, id: 511120003 | chat: {'id': -1001358872048, 'type': 'supergroup', 'title': 'Моє болото'} | reply: (text: Список команд:, chat: (id: -1001358872048, first_name: None) | reply_markup: None
2021-01-07 14:42:51,560 - message: (text: Список команд:, id: 31487) | from: (username: ultimateadmin_bot, id: 1436848532 | chat: {'id': -1001358872048, 'type': 'supergroup', 'title': 'Моє болото'} | reply: (text: /start <мова(необов`язково)>
Активує бота у цьому чаті. Може бути використана для вибору мови, chat: (id: -1001358872048, first_name: None) | reply_markup: {'inline_keyboard': [[{'text': '/start', 'callback_data': 'start_command_help'}, {'text': '/help', 'callback_data': 'help_command_help'}, {'text': '/me', 'callback_data': 'me_command_help'}], [{'text': '/language', 'callback_data': 'language_command_help'}, {'text': '/add_admin', 'callback_data': 'add_admin_command_help'}, {'text': '/promote', 'callback_data': 'promote_command_help'}], [{'text': '/demote', 'callback_data': 'demote_command_help'}, {'text': '/pin', 'callback_data': 'pin_command_help'}, {'text': '/silent_pin', 'callback_data': 'silent_pin_command_help'}], [{'text': '/readonly', 'callback_data': 'readonly_command_help'}, {'text': '/restrict_media', 'callback_data': 'restrict_media_command_help'}, {'text': '/kick', 'callback_data': 'kick_command_help'}], [{'text': '/ban', 'callback_data': 'ban_command_help'}, {'text': '/unban', 'callback_data': 'unban_command_help'}]]}
2021-01-07 14:46:36,605 - message: (text: /help, id: 31490) | from: (username: R_Sanek, id: 511120003 | chat: {'id': -1001358872048, 'type': 'supergroup', 'title': 'Моє болото'} | reply: (text: Список команд:, chat: (id: -1001358872048, first_name: None) | reply_markup: None
2021-01-07 14:48:19,068 - message: (text: /help, id: 31493) | from: (username: R_Sanek, id: 511120003 | chat: {'id': -1001358872048, 'type': 'supergroup', 'title': 'Моє болото'} | reply: (text: Список команд:, chat: (id: -1001358872048, first_name: None) | reply_markup: None
2021-01-07 14:48:20,054 - message: (text: Список команд:, id: 31494) | from: (username: ultimateadmin_bot, id: 1436848532 | chat: {'id': -1001358872048, 'type': 'supergroup', 'title': 'Моє болото'} | reply: (text: /start <мова(необов`язково)>
Активує бота у цьому чаті. Може бути використана для вибору мови, chat: (id: -1001358872048, first_name: None) | reply_markup: {'inline_keyboard': [[{'text': '/start', 'callback_data': 'start_command_help'}, {'text': '/help', 'callback_data': 'help_command_help'}, {'text': '/me', 'callback_data': 'me_command_help'}], [{'text': '/language', 'callback_data': 'language_command_help'}, {'text': '/add_admin', 'callback_data': 'add_admin_command_help'}, {'text': '/promote', 'callback_data': 'promote_command_help'}], [{'text': '/demote', 'callback_data': 'demote_command_help'}, {'text': '/pin', 'callback_data': 'pin_command_help'}, {'text': '/silent_pin', 'callback_data': 'silent_pin_command_help'}], [{'text': '/readonly', 'callback_data': 'readonly_command_help'}, {'text': '/restrict_media', 'callback_data': 'restrict_media_command_help'}, {'text': '/kick', 'callback_data': 'kick_command_help'}], [{'text': '/ban', 'callback_data': 'ban_command_help'}, {'text': '/unban', 'callback_data': 'unban_command_help'}]]}
2021-01-07 14:48:52,999 - message: (text: /help, id: 31496) | from: (username: R_Sanek, id: 511120003 | chat: {'id': -1001358872048, 'type': 'supergroup', 'title': 'Моє болото'} | reply: (text: Список команд:, chat: (id: -1001358872048, first_name: None) | reply_markup: None
2021-01-07 14:48:53,991 - message: (text: Список команд:, id: 31497) | from: (username: ultimateadmin_bot, id: 1436848532 | chat: {'id': -1001358872048, 'type': 'supergroup', 'title': 'Моє болото'} | reply: (text: /start <мова(необов`язково)>
Активує бота у цьому чаті. Може бути використана для вибору мови, chat: (id: -1001358872048, first_name: None) | reply_markup: {'inline_keyboard': [[{'text': '/start', 'callback_data': 'start_command_help'}, {'text': '/help', 'callback_data': 'help_command_help'}, {'text': '/me', 'callback_data': 'me_command_help'}], [{'text': '/language', 'callback_data': 'language_command_help'}, {'text': '/add_admin', 'callback_data': 'add_admin_command_help'}, {'text': '/promote', 'callback_data': 'promote_command_help'}], [{'text': '/demote', 'callback_data': 'demote_command_help'}, {'text': '/pin', 'callback_data': 'pin_command_help'}, {'text': '/silent_pin', 'callback_data': 'silent_pin_command_help'}], [{'text': '/readonly', 'callback_data': 'readonly_command_help'}, {'text': '/restrict_media', 'callback_data': 'restrict_media_command_help'}, {'text': '/kick', 'callback_data': 'kick_command_help'}], [{'text': '/ban', 'callback_data': 'ban_command_help'}, {'text': '/unban', 'callback_data': 'unban_command_help'}]]}
2021-01-07 14:50:04,455 - message: (text: /start <мова(необов`язково)>
Активує бота у цьому чаті. Може бути використана для вибору мови, id: 31497) | from: (username: ultimateadmin_bot, id: 1436848532 | chat: {'id': -1001358872048, 'type': 'supergroup', 'title': 'Моє болото'} | reply: (text: Список команд:, chat: (id: -1001358872048, first_name: None) | reply_markup: {'inline_keyboard': [[{'text': 'Назад', 'callback_data': 'help'}]]}
2021-01-07 14:50:06,110 - message: (text: Список команд:, id: 31497) | from: (username: ultimateadmin_bot, id: 1436848532 | chat: {'id': -1001358872048, 'type': 'supergroup', 'title': 'Моє болото'} | reply: (text: /start <мова(необов`язково)>
Активує бота у цьому чаті. Може бути використана для вибору мови, chat: (id: -1001358872048, first_name: None) | reply_markup: {'inline_keyboard': [[{'text': '/start', 'callback_data': 'start_command_help'}, {'text': '/help', 'callback_data': 'help_command_help'}, {'text': '/me', 'callback_data': 'me_command_help'}], [{'text': '/language', 'callback_data': 'language_command_help'}, {'text': '/add_admin', 'callback_data': 'add_admin_command_help'}, {'text': '/promote', 'callback_data': 'promote_command_help'}], [{'text': '/demote', 'callback_data': 'demote_command_help'}, {'text': '/pin', 'callback_data': 'pin_command_help'}, {'text': '/silent_pin', 'callback_data': 'silent_pin_command_help'}], [{'text': '/readonly', 'callback_data': 'readonly_command_help'}, {'text': '/restrict_media', 'callback_data': 'restrict_media_command_help'}, {'text': '/kick', 'callback_data': 'kick_command_help'}], [{'text': '/ban', 'callback_data': 'ban_command_help'}, {'text': '/unban', 'callback_data': 'unban_command_help'}]]}
2021-01-07 14:50:06,957 - message: (text: /start <мова(необов`язково)>
Активує бота у цьому чаті. Може бути використана для вибору мови, id: 31497) | from: (username: ultimateadmin_bot, id: 1436848532 | chat: {'id': -1001358872048, 'type': 'supergroup', 'title': 'Моє болото'} | reply: (text: Список команд:, chat: (id: -1001358872048, first_name: None) | reply_markup: {'inline_keyboard': [[{'text': 'Назад', 'callback_data': 'help'}]]}
2021-01-07 14:56:42,005 - message: (text: /language, id: 31499) | from: (username: R_Sanek, id: 511120003 | chat: {'id': -1001358872048, 'type': 'supergroup', 'title': 'Моє болото'} | reply: (text: Оберіть мову:, chat: (id: -1001358872048, first_name: None) | reply_markup: None
2021-01-07 14:56:43,923 - message: (text: Оберіть мову:, id: 31500) | from: (username: ultimateadmin_bot, id: 1436848532 | chat: {'id': -1001358872048, 'type': 'supergroup', 'title': 'Моє болото'} | reply: (text: Language switched to english, chat: (id: -1001358872048, first_name: None) | reply_markup: {'inline_keyboard': [[{'text': '🇷🇺Русский', 'callback_data': 'ru'}, {'text': '🇺🇦Українська', 'callback_data': 'ua'}, {'text': '🇬🇧English', 'callback_data': 'en'}]]}
2021-01-07 14:56:44,007 - message: (text: Оберіть мову:, id: 31500) | from: (username: ultimateadmin_bot, id: 1436848532 | chat: {'id': -1001358872048, 'type': 'supergroup', 'title': 'Моє болото'} | query_answer: Language switched to english, 
2021-01-07 14:56:50,151 - message: (text: Chose language:, id: 31500) | from: (username: ultimateadmin_bot, id: 1436848532 | chat: {'id': -1001358872048, 'type': 'supergroup', 'title': 'Моє болото'} | reply: (text: Мову змінено на українську, chat: (id: -1001358872048, first_name: None) | reply_markup: {'inline_keyboard': [[{'text': '🇷🇺Русский', 'callback_data': 'ru'}, {'text': '🇺🇦Українська', 'callback_data': 'ua'}, {'text': '🇬🇧English', 'callback_data': 'en'}]]}
2021-01-07 14:56:50,227 - message: (text: Chose language:, id: 31500) | from: (username: ultimateadmin_bot, id: 1436848532 | chat: {'id': -1001358872048, 'type': 'supergroup', 'title': 'Моє болото'} | query_answer: Мову змінено на українську, 
2021-01-07 15:00:40,619 - message: (text: /help@ultimateadmin_bot, id: 3058) | from: (username: Rez_Oleksandr, id: 414952376 | chat: {'id': -1001262103286, 'type': 'supergroup', 'title': 'Test Chat'} | reply: (text: Список команд:, chat: (id: -1001262103286, first_name: None) | reply_markup: None
2021-01-07 15:00:45,796 - message: (text: Список команд:, id: 3059) | from: (username: ultimateadmin_bot, id: 1436848532 | chat: {'id': -1001262103286, 'type': 'supergroup', 'title': 'Test Chat'} | reply: (text: /start <мова(необов`язково)>
Активує бота у цьому чаті. Може бути використана для вибору мови, chat: (id: -1001262103286, first_name: None) | reply_markup: {'inline_keyboard': [[{'text': '/start', 'callback_data': 'start_command_help'}, {'text': '/help', 'callback_data': 'help_command_help'}, {'text': '/me', 'callback_data': 'me_command_help'}], [{'text': '/language', 'callback_data': 'language_command_help'}, {'text': '/add_admin', 'callback_data': 'add_admin_command_help'}, {'text': '/promote', 'callback_data': 'promote_command_help'}], [{'text': '/demote', 'callback_data': 'demote_command_help'}, {'text': '/pin', 'callback_data': 'pin_command_help'}, {'text': '/silent_pin', 'callback_data': 'silent_pin_command_help'}], [{'text': '/readonly', 'callback_data': 'readonly_command_help'}, {'text': '/restrict_media', 'callback_data': 'restrict_media_command_help'}, {'text': '/kick', 'callback_data': 'kick_command_help'}], [{'text': '/ban', 'callback_data': 'ban_command_help'}, {'text': '/unban', 'callback_data': 'unban_command_help'}]]}
2021-01-07 15:00:47,557 - message: (text: /start <мова(необов`язково)>
Активує бота у цьому чаті. Може бути використана для вибору мови, id: 3059) | from: (username: ultimateadmin_bot, id: 1436848532 | chat: {'id': -1001262103286, 'type': 'supergroup', 'title': 'Test Chat'} | reply: (text: Список команд:, chat: (id: -1001262103286, first_name: None) | reply_markup: {'inline_keyboard': [[{'text': 'Назад', 'callback_data': 'help'}]]}
2021-01-07 15:02:51,127 - message: (text: Список команд:, id: 3059) | from: (username: ultimateadmin_bot, id: 1436848532 | chat: {'id': -1001262103286, 'type': 'supergroup', 'title': 'Test Chat'} | reply: (text: /start <мова(необов`язково)>
Активує бота у цьому чаті. Може бути використана для вибору мови, chat: (id: -1001262103286, first_name: None) | reply_markup: {'inline_keyboard': [[{'text': '/start', 'callback_data': 'start_command_help'}, {'text': '/help', 'callback_data': 'help_command_help'}, {'text': '/me', 'callback_data': 'me_command_help'}], [{'text': '/language', 'callback_data': 'language_command_help'}, {'text': '/add_admin', 'callback_data': 'add_admin_command_help'}, {'text': '/promote', 'callback_data': 'promote_command_help'}], [{'text': '/demote', 'callback_data': 'demote_command_help'}, {'text': '/pin', 'callback_data': 'pin_command_help'}, {'text': '/silent_pin', 'callback_data': 'silent_pin_command_help'}], [{'text': '/readonly', 'callback_data': 'readonly_command_help'}, {'text': '/restrict_media', 'callback_data': 'restrict_media_command_help'}, {'text': '/kick', 'callback_data': 'kick_command_help'}], [{'text': '/ban', 'callback_data': 'ban_command_help'}, {'text': '/unban', 'callback_data': 'unban_command_help'}]]}
2021-01-07 15:02:52,384 - message: (text: /start <мова(необов`язково)>
Активує бота у цьому чаті. Може бути використана для вибору мови, id: 3059) | from: (username: ultimateadmin_bot, id: 1436848532 | chat: {'id': -1001262103286, 'type': 'supergroup', 'title': 'Test Chat'} | reply: (text: Список команд:, chat: (id: -1001262103286, first_name: None) | reply_markup: {'inline_keyboard': [[{'text': 'Назад', 'callback_data': 'help'}]]}
2021-01-07 18:13:53,479 - message: (text: /help@ultimateadmin_bot, id: 31519) | from: (username: R_Sanek, id: 511120003 | chat: {'id': -1001358872048, 'type': 'supergroup', 'title': 'Моє болото'} | reply: (text: Список команд:, chat: (id: -1001358872048, first_name: None) | reply_markup: None
2021-01-07 18:13:55,558 - message: (text: Список команд:, id: 31520) | from: (username: ultimateadmin_bot, id: 1436848532 | chat: {'id': -1001358872048, 'type': 'supergroup', 'title': 'Моє болото'} | reply: (text: /start <мова(необов`язково)>
Активує бота у цьому чаті. Може бути використана для вибору мови, chat: (id: -1001358872048, first_name: None) | reply_markup: {'inline_keyboard': [[{'text': '/start', 'callback_data': 'command_description_start'}, {'text': '/help', 'callback_data': 'command_description_help'}, {'text': '/me', 'callback_data': 'command_description_me'}], [{'text': '/language', 'callback_data': 'command_description_language'}, {'text': '/add_admin', 'callback_data': 'command_description_add_admin'}, {'text': '/promote', 'callback_data': 'command_description_promote'}], [{'text': '/demote', 'callback_data': 'command_description_demote'}, {'text': '/pin', 'callback_data': 'command_description_pin'}, {'text': '/silent_pin', 'callback_data': 'command_description_silent_pin'}], [{'text': '/readonly', 'callback_data': 'command_description_readonly'}, {'text': '/restrict_media', 'callback_data': 'command_description_restrict_media'}, {'text': '/kick', 'callback_data': 'command_description_kick'}], [{'text': '/ban', 'callback_data': 'command_description_ban'}, {'text': '/unban', 'callback_data': 'command_description_unban'}]]}
2021-01-07 18:13:57,267 - message: (text: /start <мова(необов`язково)>
Активує бота у цьому чаті. Може бути використана для вибору мови, id: 31520) | from: (username: ultimateadmin_bot, id: 1436848532 | chat: {'id': -1001358872048, 'type': 'supergroup', 'title': 'Моє болото'} | reply: (text: Список команд:, chat: (id: -1001358872048, first_name: None) | reply_markup: {'inline_keyboard': [[{'text': 'Назад', 'callback_data': 'help'}]]}
2021-01-07 18:23:57,203 - message: (text: Список команд:, id: 31520) | from: (username: ultimateadmin_bot, id: 1436848532 | chat: {'id': -1001358872048, 'type': 'supergroup', 'title': 'Моє болото'} | reply: (text: /me
Показує інформацію про користувача, chat: (id: -1001358872048, first_name: None) | reply_markup: {'inline_keyboard': [[{'text': '/start', 'callback_data': 'command_description_start'}, {'text': '/help', 'callback_data': 'command_description_help'}, {'text': '/me', 'callback_data': 'command_description_me'}], [{'text': '/language', 'callback_data': 'command_description_language'}, {'text': '/add_admin', 'callback_data': 'command_description_add_admin'}, {'text': '/promote', 'callback_data': 'command_description_promote'}], [{'text': '/demote', 'callback_data': 'command_description_demote'}, {'text': '/pin', 'callback_data': 'command_description_pin'}, {'text': '/silent_pin', 'callback_data': 'command_description_silent_pin'}], [{'text': '/readonly', 'callback_data': 'command_description_readonly'}, {'text': '/restrict_media', 'callback_data': 'command_description_restrict_media'}, {'text': '/kick', 'callback_data': 'command_description_kick'}], [{'text': '/ban', 'callback_data': 'command_description_ban'}, {'text': '/unban', 'callback_data': 'command_description_unban'}]]}
2021-01-07 18:23:59,179 - message: (text: /me
Показує інформацію про користувача, id: 31520) | from: (username: ultimateadmin_bot, id: 1436848532 | chat: {'id': -1001358872048, 'type': 'supergroup', 'title': 'Моє болото'} | reply: (text: Список команд:, chat: (id: -1001358872048, first_name: None) | reply_markup: {'inline_keyboard': [[{'text': 'Назад', 'callback_data': 'help'}]]}
2021-01-07 18:24:00,026 - message: (text: Список команд:, id: 31520) | from: (username: ultimateadmin_bot, id: 1436848532 | chat: {'id': -1001358872048, 'type': 'supergroup', 'title': 'Моє болото'} | reply: (text: /help
Меню допомоги з описами всіх команд, chat: (id: -1001358872048, first_name: None) | reply_markup: {'inline_keyboard': [[{'text': '/start', 'callback_data': 'command_description_start'}, {'text': '/help', 'callback_data': 'command_description_help'}, {'text': '/me', 'callback_data': 'command_description_me'}], [{'text': '/language', 'callback_data': 'command_description_language'}, {'text': '/add_admin', 'callback_data': 'command_description_add_admin'}, {'text': '/promote', 'callback_data': 'command_description_promote'}], [{'text': '/demote', 'callback_data': 'command_description_demote'}, {'text': '/pin', 'callback_data': 'command_description_pin'}, {'text': '/silent_pin', 'callback_data': 'command_description_silent_pin'}], [{'text': '/readonly', 'callback_data': 'command_description_readonly'}, {'text': '/restrict_media', 'callback_data': 'command_description_restrict_media'}, {'text': '/kick', 'callback_data': 'command_description_kick'}], [{'text': '/ban', 'callback_data': 'command_description_ban'}, {'text': '/unban', 'callback_data': 'command_description_unban'}]]}
2021-01-07 18:24:02,611 - message: (text: /help
Меню допомоги з описами всіх команд, id: 31520) | from: (username: ultimateadmin_bot, id: 1436848532 | chat: {'id': -1001358872048, 'type': 'supergroup', 'title': 'Моє болото'} | reply: (text: Список команд:, chat: (id: -1001358872048, first_name: None) | reply_markup: {'inline_keyboard': [[{'text': 'Назад', 'callback_data': 'help'}]]}
2021-01-07 18:24:03,813 - message: (text: Список команд:, id: 31520) | from: (username: ultimateadmin_bot, id: 1436848532 | chat: {'id': -1001358872048, 'type': 'supergroup', 'title': 'Моє болото'} | reply: (text: /start <мова(необов`язково)>
Приклад: /start; /start en
Активує бота у цьому чаті. Може бути використана для вибору мови, chat: (id: -1001358872048, first_name: None) | reply_markup: {'inline_keyboard': [[{'text': '/start', 'callback_data': 'command_description_start'}, {'text': '/help', 'callback_data': 'command_description_help'}, {'text': '/me', 'callback_data': 'command_description_me'}], [{'text': '/language', 'callback_data': 'command_description_language'}, {'text': '/add_admin', 'callback_data': 'command_description_add_admin'}, {'text': '/promote', 'callback_data': 'command_description_promote'}], [{'text': '/demote', 'callback_data': 'command_description_demote'}, {'text': '/pin', 'callback_data': 'command_description_pin'}, {'text': '/silent_pin', 'callback_data': 'command_description_silent_pin'}], [{'text': '/readonly', 'callback_data': 'command_description_readonly'}, {'text': '/restrict_media', 'callback_data': 'command_description_restrict_media'}, {'text': '/kick', 'callback_data': 'command_description_kick'}], [{'text': '/ban', 'callback_data': 'command_description_ban'}, {'text': '/unban', 'callback_data': 'command_description_unban'}]]}
2021-01-07 18:24:12,090 - message: (text: /start <мова(необов`язково)>
Приклад: /start; /start en
Активує бота у цьому чаті. Може бути використана для вибору мови, id: 31520) | from: (username: ultimateadmin_bot, id: 1436848532 | chat: {'id': -1001358872048, 'type': 'supergroup', 'title': 'Моє болото'} | reply: (text: Список команд:, chat: (id: -1001358872048, first_name: None) | reply_markup: {'inline_keyboard': [[{'text': 'Назад', 'callback_data': 'help'}]]}
2021-01-07 18:39:21,027 - message: (text: Список команд:, id: 31520) | from: (username: ultimateadmin_bot, id: 1436848532 | chat: {'id': -1001358872048, 'type': 'supergroup', 'title': 'Моє болото'} | reply: (text: /add_admin
Відповідайте на повідомлення користувача цією командою що надати йому права адміністрато у боті у цьому чаті. Щоб використовувати цю команду ви маєте бути власником цього чату або бути адміністратором, який має дозвіл призначати нових адміністраторів, chat: (id: -1001358872048, first_name: None) | reply_markup: {'inline_keyboard': [[{'text': '/start', 'callback_data': 'command_description_start'}, {'text': '/help', 'callback_data': 'command_description_help'}, {'text': '/me', 'callback_data': 'command_description_me'}], [{'text': '/language', 'callback_data': 'command_description_language'}, {'text': '/add_admin', 'callback_data': 'command_description_add_admin'}, {'text': '/promote', 'callback_data': 'command_description_promote'}], [{'text': '/demote', 'callback_data': 'command_description_demote'}, {'text': '/pin', 'callback_data': 'command_description_pin'}, {'text': '/silent_pin', 'callback_data': 'command_description_silent_pin'}], [{'text': '/readonly', 'callback_data': 'command_description_readonly'}, {'text': '/restrict_media', 'callback_data': 'command_description_restrict_media'}, {'text': '/kick', 'callback_data': 'command_description_kick'}], [{'text': '/ban', 'callback_data': 'command_description_ban'}, {'text': '/unban', 'callback_data': 'command_description_unban'}]]}
2021-01-07 18:39:25,596 - message: (text: /add_admin
Відповідайте на повідомлення користувача цією командою що надати йому права адміністрато у боті у цьому чаті. Щоб використовувати цю команду ви маєте бути власником цього чату або бути адміністратором, який має дозвіл призначати нових адміністраторів, id: 31520) | from: (username: ultimateadmin_bot, id: 1436848532 | chat: {'id': -1001358872048, 'type': 'supergroup', 'title': 'Моє болото'} | reply: (text: Список команд:, chat: (id: -1001358872048, first_name: None) | reply_markup: {'inline_keyboard': [[{'text': 'Назад', 'callback_data': 'help'}]]}
2021-01-07 18:55:58,766 - message: (text: Список команд:, id: 31520) | from: (username: ultimateadmin_bot, id: 1436848532 | chat: {'id': -1001358872048, 'type': 'supergroup', 'title': 'Моє болото'} | reply: (text: /start <мова(необов`язково)>
Приклад: /start ; /start en
Активує бота у цьому чаті. Може бути використана для вибору мови, chat: (id: -1001358872048, first_name: None) | reply_markup: {'inline_keyboard': [[{'text': '/start', 'callback_data': 'command_description_start'}, {'text': '/help', 'callback_data': 'command_description_help'}, {'text': '/me', 'callback_data': 'command_description_me'}], [{'text': '/language', 'callback_data': 'command_description_language'}, {'text': '/add_admin', 'callback_data': 'command_description_add_admin'}, {'text': '/promote', 'callback_data': 'command_description_promote'}], [{'text': '/demote', 'callback_data': 'command_description_demote'}, {'text': '/pin', 'callback_data': 'command_description_pin'}, {'text': '/silent_pin', 'callback_data': 'command_description_silent_pin'}], [{'text': '/readonly', 'callback_data': 'command_description_readonly'}, {'text': '/restrict_media', 'callback_data': 'command_description_restrict_media'}, {'text': '/kick', 'callback_data': 'command_description_kick'}], [{'text': '/ban', 'callback_data': 'command_description_ban'}, {'text': '/unban', 'callback_data': 'command_description_unban'}]]}
2021-01-07 18:56:17,399 - message: (text: /start <мова(необов`язково)>
Приклад: /start ; /start en
Активує бота у цьому чаті. Може бути використана для вибору мови, id: 31520) | from: (username: ultimateadmin_bot, id: 1436848532 | chat: {'id': -1001358872048, 'type': 'supergroup', 'title': 'Моє болото'} | reply: (text: Список команд:, chat: (id: -1001358872048, first_name: None) | reply_markup: {'inline_keyboard': [[{'text': 'Назад', 'callback_data': 'help'}]]}
2021-01-07 18:56:21,765 - message: (text: Список команд:, id: 31520) | from: (username: ultimateadmin_bot, id: 1436848532 | chat: {'id': -1001358872048, 'type': 'supergroup', 'title': 'Моє болото'} | reply: (text: /start <мова(необов`язково)>
Активує бота у цьому чаті. Може бути використана для вибору мови, chat: (id: -1001358872048, first_name: None) | reply_markup: {'inline_keyboard': [[{'text': '/start', 'callback_data': 'command_description_start'}, {'text': '/help', 'callback_data': 'command_description_help'}, {'text': '/me', 'callback_data': 'command_description_me'}], [{'text': '/language', 'callback_data': 'command_description_language'}, {'text': '/add_admin', 'callback_data': 'command_description_add_admin'}, {'text': '/promote', 'callback_data': 'command_description_promote'}], [{'text': '/demote', 'callback_data': 'command_description_demote'}, {'text': '/pin', 'callback_data': 'command_description_pin'}, {'text': '/silent_pin', 'callback_data': 'command_description_silent_pin'}], [{'text': '/readonly', 'callback_data': 'command_description_readonly'}, {'text': '/restrict_media', 'callback_data': 'command_description_restrict_media'}, {'text': '/kick', 'callback_data': 'command_description_kick'}], [{'text': '/ban', 'callback_data': 'command_description_ban'}, {'text': '/unban', 'callback_data': 'command_description_unban'}]]}
2021-01-07 18:56:26,831 - message: (text: /start <мова(необов`язково)>
Активує бота у цьому чаті. Може бути використана для вибору мови, id: 31520) | from: (username: ultimateadmin_bot, id: 1436848532 | chat: {'id': -1001358872048, 'type': 'supergroup', 'title': 'Моє болото'} | reply: (text: Список команд:, chat: (id: -1001358872048, first_name: None) | reply_markup: {'inline_keyboard': [[{'text': 'Назад', 'callback_data': 'help'}]]}
2021-01-08 01:54:49,383 - message: (text: /help@ultimateadmin_bot, id: 31698) | from: (username: R_Sanek, id: 511120003 | chat: {'id': -1001358872048, 'type': 'supergroup', 'title': 'Моє болото'} | reply: (text: Список команд:, chat: (id: -1001358872048, first_name: None) | reply_markup: None
2021-01-08 01:54:52,770 - message: (text: Список команд:, id: 31699) | from: (username: ultimateadmin_bot, id: 1436848532 | chat: {'id': -1001358872048, 'type': 'supergroup', 'title': 'Моє болото'} | reply: (text: /add_admin
Відповідайте на повідомлення користувача цією командою що надати йому права адміністрато у боті. Щоб використовувати цю команду ви маєте бути власником цього чату або бути адміністратором, який має дозвіл призначати нових адміністраторів, chat: (id: -1001358872048, first_name: None) | reply_markup: {'inline_keyboard': [[{'text': '/start', 'callback_data': 'command_description_start'}, {'text': '/help', 'callback_data': 'command_description_help'}, {'text': '/me', 'callback_data': 'command_description_me'}], [{'text': '/language', 'callback_data': 'command_description_language'}, {'text': '/add_admin', 'callback_data': 'command_description_add_admin'}, {'text': '/promote', 'callback_data': 'command_description_promote'}], [{'text': '/demote', 'callback_data': 'command_description_demote'}, {'text': '/pin', 'callback_data': 'command_description_pin'}, {'text': '/silent_pin', 'callback_data': 'command_description_silent_pin'}], [{'text': '/readonly', 'callback_data': 'command_description_readonly'}, {'text': '/restrict_media', 'callback_data': 'command_description_restrict_media'}, {'text': '/kick', 'callback_data': 'command_description_kick'}], [{'text': '/ban', 'callback_data': 'command_description_ban'}, {'text': '/unban', 'callback_data': 'command_description_unban'}]]}
2021-01-08 01:54:55,443 - message: (text: /add_admin
Відповідайте на повідомлення користувача цією командою що надати йому права адміністрато у боті. Щоб використовувати цю команду ви маєте бути власником цього чату або бути адміністратором, який має дозвіл призначати нових адміністраторів, id: 31699) | from: (username: ultimateadmin_bot, id: 1436848532 | chat: {'id': -1001358872048, 'type': 'supergroup', 'title': 'Моє болото'} | reply: (text: Список команд:, chat: (id: -1001358872048, first_name: None) | reply_markup: {'inline_keyboard': [[{'text': 'Назад', 'callback_data': 'help'}]]}
2021-01-08 01:54:57,021 - message: (text: Список команд:, id: 31699) | from: (username: ultimateadmin_bot, id: 1436848532 | chat: {'id': -1001358872048, 'type': 'supergroup', 'title': 'Моє болото'} | reply: (text: /start <мова(необов`язково)>
Активує бота у цьому чаті. Може бути використана для вибору мови, chat: (id: -1001358872048, first_name: None) | reply_markup: {'inline_keyboard': [[{'text': '/start', 'callback_data': 'command_description_start'}, {'text': '/help', 'callback_data': 'command_description_help'}, {'text': '/me', 'callback_data': 'command_description_me'}], [{'text': '/language', 'callback_data': 'command_description_language'}, {'text': '/add_admin', 'callback_data': 'command_description_add_admin'}, {'text': '/promote', 'callback_data': 'command_description_promote'}], [{'text': '/demote', 'callback_data': 'command_description_demote'}, {'text': '/pin', 'callback_data': 'command_description_pin'}, {'text': '/silent_pin', 'callback_data': 'command_description_silent_pin'}], [{'text': '/readonly', 'callback_data': 'command_description_readonly'}, {'text': '/restrict_media', 'callback_data': 'command_description_restrict_media'}, {'text': '/kick', 'callback_data': 'command_description_kick'}], [{'text': '/ban', 'callback_data': 'command_description_ban'}, {'text': '/unban', 'callback_data': 'command_description_unban'}]]}
2021-01-08 01:54:57,869 - message: (text: /start <мова(необов`язково)>
Активує бота у цьому чаті. Може бути використана для вибору мови, id: 31699) | from: (username: ultimateadmin_bot, id: 1436848532 | chat: {'id': -1001358872048, 'type': 'supergroup', 'title': 'Моє болото'} | reply: (text: Список команд:, chat: (id: -1001358872048, first_name: None) | reply_markup: {'inline_keyboard': [[{'text': 'Назад', 'callback_data': 'help'}]]}
2021-01-08 01:54:58,839 - message: (text: Список команд:, id: 31699) | from: (username: ultimateadmin_bot, id: 1436848532 | chat: {'id': -1001358872048, 'type': 'supergroup', 'title': 'Моє болото'} | reply: (text: /start <мова(необов`язково)>
Приклад: /start ; /start en
Активує бота у цьому чаті. Може бути використана для вибору мови, chat: (id: -1001358872048, first_name: None) | reply_markup: {'inline_keyboard': [[{'text': '/start', 'callback_data': 'command_description_start'}, {'text': '/help', 'callback_data': 'command_description_help'}, {'text': '/me', 'callback_data': 'command_description_me'}], [{'text': '/language', 'callback_data': 'command_description_language'}, {'text': '/add_admin', 'callback_data': 'command_description_add_admin'}, {'text': '/promote', 'callback_data': 'command_description_promote'}], [{'text': '/demote', 'callback_data': 'command_description_demote'}, {'text': '/pin', 'callback_data': 'command_description_pin'}, {'text': '/silent_pin', 'callback_data': 'command_description_silent_pin'}], [{'text': '/readonly', 'callback_data': 'command_description_readonly'}, {'text': '/restrict_media', 'callback_data': 'command_description_restrict_media'}, {'text': '/kick', 'callback_data': 'command_description_kick'}], [{'text': '/ban', 'callback_data': 'command_description_ban'}, {'text': '/unban', 'callback_data': 'command_description_unban'}]]}
2021-01-08 01:54:59,615 - message: (text: /start <мова(необов`язково)>
Приклад: /start ; /start en
Активує бота у цьому чаті. Може бути використана для вибору мови, id: 31699) | from: (username: ultimateadmin_bot, id: 1436848532 | chat: {'id': -1001358872048, 'type': 'supergroup', 'title': 'Моє болото'} | reply: (text: Список команд:, chat: (id: -1001358872048, first_name: None) | reply_markup: {'inline_keyboard': [[{'text': 'Назад', 'callback_data': 'help'}]]}
2021-01-22 00:22:27,754 - message: (text: /help@ultimateadmin_bot, id: 3060) | from: (username: R_Sanek, id: 511120003 | chat: {'id': -1001262103286, 'type': 'supergroup', 'title': 'Test Chat'} | reply: (text: Список команд:, chat: (id: -1001262103286, first_name: None) | reply_markup: None
2021-01-22 00:22:28,895 - message: (text: Список команд:, id: 3061) | from: (username: ultimateadmin_bot, id: 1436848532 | chat: {'id': -1001262103286, 'type': 'supergroup', 'title': 'Test Chat'} | reply: (text: /language <мова>
Ця команда змінює мову бота, chat: (id: -1001262103286, first_name: None) | reply_markup: {'inline_keyboard': [[{'text': '/start', 'callback_data': 'command_description_start'}, {'text': '/help', 'callback_data': 'command_description_help'}, {'text': '/me', 'callback_data': 'command_description_me'}], [{'text': '/language', 'callback_data': 'command_description_language'}, {'text': '/add_admin', 'callback_data': 'command_description_add_admin'}, {'text': '/promote', 'callback_data': 'command_description_promote'}], [{'text': '/demote', 'callback_data': 'command_description_demote'}, {'text': '/pin', 'callback_data': 'command_description_pin'}, {'text': '/silent_pin', 'callback_data': 'command_description_silent_pin'}], [{'text': '/readonly', 'callback_data': 'command_description_readonly'}, {'text': '/restrict_media', 'callback_data': 'command_description_restrict_media'}, {'text': '/kick', 'callback_data': 'command_description_kick'}], [{'text': '/ban', 'callback_data': 'command_description_ban'}, {'text': '/unban', 'callback_data': 'command_description_unban'}]]}
2021-01-22 00:23:41,959 - message: (text: /language <мова>
Ця команда змінює мову бота, id: 3061) | from: (username: ultimateadmin_bot, id: 1436848532 | chat: {'id': -1001262103286, 'type': 'supergroup', 'title': 'Test Chat'} | reply: (text: Список команд:, chat: (id: -1001262103286, first_name: None) | reply_markup: {'inline_keyboard': [[{'text': 'Назад', 'callback_data': 'help'}]]}
2021-01-22 00:23:43,391 - message: (text: Список команд:, id: 3061) | from: (username: ultimateadmin_bot, id: 1436848532 | chat: {'id': -1001262103286, 'type': 'supergroup', 'title': 'Test Chat'} | reply: (text: /restrict_media
Активує бота у цьому чаті. Може бути використана для вибору мови, chat: (id: -1001262103286, first_name: None) | reply_markup: {'inline_keyboard': [[{'text': '/start', 'callback_data': 'command_description_start'}, {'text': '/help', 'callback_data': 'command_description_help'}, {'text': '/me', 'callback_data': 'command_description_me'}], [{'text': '/language', 'callback_data': 'command_description_language'}, {'text': '/add_admin', 'callback_data': 'command_description_add_admin'}, {'text': '/promote', 'callback_data': 'command_description_promote'}], [{'text': '/demote', 'callback_data': 'command_description_demote'}, {'text': '/pin', 'callback_data': 'command_description_pin'}, {'text': '/silent_pin', 'callback_data': 'command_description_silent_pin'}], [{'text': '/readonly', 'callback_data': 'command_description_readonly'}, {'text': '/restrict_media', 'callback_data': 'command_description_restrict_media'}, {'text': '/kick', 'callback_data': 'command_description_kick'}], [{'text': '/ban', 'callback_data': 'command_description_ban'}, {'text': '/unban', 'callback_data': 'command_description_unban'}]]}
2021-01-22 00:23:55,341 - message: (text: /restrict_media
Активує бота у цьому чаті. Може бути використана для вибору мови, id: 3061) | from: (username: ultimateadmin_bot, id: 1436848532 | chat: {'id': -1001262103286, 'type': 'supergroup', 'title': 'Test Chat'} | reply: (text: Список команд:, chat: (id: -1001262103286, first_name: None) | reply_markup: {'inline_keyboard': [[{'text': 'Назад', 'callback_data': 'help'}]]}
2021-01-22 00:23:56,796 - message: (text: Список команд:, id: 3061) | from: (username: ultimateadmin_bot, id: 1436848532 | chat: {'id': -1001262103286, 'type': 'supergroup', 'title': 'Test Chat'} | reply: (text: /add_admin
Відповідайте на повідомлення користувача цією командою, щоб надати йому права адміністрата у боті. Щоб використовувати цю команду ви маєте бути власником цього чату або бути адміністратором, який має дозвіл призначати нових адміністраторів, chat: (id: -1001262103286, first_name: None) | reply_markup: {'inline_keyboard': [[{'text': '/start', 'callback_data': 'command_description_start'}, {'text': '/help', 'callback_data': 'command_description_help'}, {'text': '/me', 'callback_data': 'command_description_me'}], [{'text': '/language', 'callback_data': 'command_description_language'}, {'text': '/add_admin', 'callback_data': 'command_description_add_admin'}, {'text': '/promote', 'callback_data': 'command_description_promote'}], [{'text': '/demote', 'callback_data': 'command_description_demote'}, {'text': '/pin', 'callback_data': 'command_description_pin'}, {'text': '/silent_pin', 'callback_data': 'command_description_silent_pin'}], [{'text': '/readonly', 'callback_data': 'command_description_readonly'}, {'text': '/restrict_media', 'callback_data': 'command_description_restrict_media'}, {'text': '/kick', 'callback_data': 'command_description_kick'}], [{'text': '/ban', 'callback_data': 'command_description_ban'}, {'text': '/unban', 'callback_data': 'command_description_unban'}]]}
2021-01-22 00:23:58,170 - message: (text: /add_admin
Відповідайте на повідомлення користувача цією командою, щоб надати йому права адміністрата у боті. Щоб використовувати цю команду ви маєте бути власником цього чату або бути адміністратором, який має дозвіл призначати нових адміністраторів, id: 3061) | from: (username: ultimateadmin_bot, id: 1436848532 | chat: {'id': -1001262103286, 'type': 'supergroup', 'title': 'Test Chat'} | reply: (text: Список команд:, chat: (id: -1001262103286, first_name: None) | reply_markup: {'inline_keyboard': [[{'text': 'Назад', 'callback_data': 'help'}]]}
2021-01-22 00:24:10,165 - message: (text: Список команд:, id: 3061) | from: (username: ultimateadmin_bot, id: 1436848532 | chat: {'id': -1001262103286, 'type': 'supergroup', 'title': 'Test Chat'} | reply: (text: /add_admin
Відповідайте на повідомлення користувача цією командою, щоб надати йому права адміністрата у боті. Щоб використовувати цю команду ви маєте бути власником цього чату або бути адміністратором, який має дозвіл призначати нових адміністраторів, chat: (id: -1001262103286, first_name: None) | reply_markup: {'inline_keyboard': [[{'text': '/start', 'callback_data': 'command_description_start'}, {'text': '/help', 'callback_data': 'command_description_help'}, {'text': '/me', 'callback_data': 'command_description_me'}], [{'text': '/language', 'callback_data': 'command_description_language'}, {'text': '/add_admin', 'callback_data': 'command_description_add_admin'}, {'text': '/promote', 'callback_data': 'command_description_promote'}], [{'text': '/demote', 'callback_data': 'command_description_demote'}, {'text': '/pin', 'callback_data': 'command_description_pin'}, {'text': '/silent_pin', 'callback_data': 'command_description_silent_pin'}], [{'text': '/readonly', 'callback_data': 'command_description_readonly'}, {'text': '/restrict_media', 'callback_data': 'command_description_restrict_media'}, {'text': '/kick', 'callback_data': 'command_description_kick'}], [{'text': '/ban', 'callback_data': 'command_description_ban'}, {'text': '/unban', 'callback_data': 'command_description_unban'}]]}
2021-01-22 00:24:25,653 - message: (text: /language@ultimateadmin_bot en, id: 3062) | from: (username: R_Sanek, id: 511120003 | chat: {'id': -1001262103286, 'type': 'supergroup', 'title': 'Test Chat'} | reply: (text: Оберіть мову:, chat: (id: -1001262103286, first_name: None) | reply_markup: None
2021-01-22 00:24:32,722 - message: (text: Оберіть мову:, id: 3063) | from: (username: ultimateadmin_bot, id: 1436848532 | chat: {'id': -1001262103286, 'type': 'supergroup', 'title': 'Test Chat'} | reply: (text: Language switched to english, chat: (id: -1001262103286, first_name: None) | reply_markup: {'inline_keyboard': [[{'text': '🇷🇺Русский', 'callback_data': 'ru'}, {'text': '🇺🇦Українська', 'callback_data': 'ua'}, {'text': '🇬🇧English', 'callback_data': 'en'}]]}
2021-01-22 00:24:32,794 - message: (text: Оберіть мову:, id: 3063) | from: (username: ultimateadmin_bot, id: 1436848532 | chat: {'id': -1001262103286, 'type': 'supergroup', 'title': 'Test Chat'} | query_answer: Language switched to english, 
2021-01-22 00:24:38,812 - message: (text: /add_admin
Відповідайте на повідомлення користувача цією командою, щоб надати йому права адміністрата у боті. Щоб використовувати цю команду ви маєте бути власником цього чату або бути адміністратором, який має дозвіл призначати нових адміністраторів, id: 3061) | from: (username: ultimateadmin_bot, id: 1436848532 | chat: {'id': -1001262103286, 'type': 'supergroup', 'title': 'Test Chat'} | reply: (text: Commands list:, chat: (id: -1001262103286, first_name: None) | reply_markup: {'inline_keyboard': [[{'text': 'Назад', 'callback_data': 'help'}]]}
2021-01-22 00:24:40,886 - message: (text: Commands list:, id: 3061) | from: (username: ultimateadmin_bot, id: 1436848532 | chat: {'id': -1001262103286, 'type': 'supergroup', 'title': 'Test Chat'} | reply: (text: /add_admin
Reply to the user's message with this command to give him admin rights in the bot. To use this command you must be the owner of this chat or be an admin with permission to appoint new admins
Alternative form: **Add admin**, chat: (id: -1001262103286, first_name: None) | reply_markup: {'inline_keyboard': [[{'text': '/start', 'callback_data': 'command_description_start'}, {'text': '/help', 'callback_data': 'command_description_help'}, {'text': '/me', 'callback_data': 'command_description_me'}], [{'text': '/language', 'callback_data': 'command_description_language'}, {'text': '/add_admin', 'callback_data': 'command_description_add_admin'}, {'text': '/promote', 'callback_data': 'command_description_promote'}], [{'text': '/demote', 'callback_data': 'command_description_demote'}, {'text': '/pin', 'callback_data': 'command_description_pin'}, {'text': '/silent_pin', 'callback_data': 'command_description_silent_pin'}], [{'text': '/readonly', 'callback_data': 'command_description_readonly'}, {'text': '/restrict_media', 'callback_data': 'command_description_restrict_media'}, {'text': '/kick', 'callback_data': 'command_description_kick'}], [{'text': '/ban', 'callback_data': 'command_description_ban'}, {'text': '/unban', 'callback_data': 'command_description_unban'}]]}
2021-01-22 00:41:01,043 - message: (text: /add_admin
Reply to the user's message with this command to give him admin rights in the bot. To use this command you must be the owner of this chat or be an admin with permission to appoint new admins
Alternative form: **Add admin**, id: 3061) | from: (username: ultimateadmin_bot, id: 1436848532 | chat: {'id': -1001262103286, 'type': 'supergroup', 'title': 'Test Chat'} | reply: (text: Commands list:, chat: (id: -1001262103286, first_name: None) | reply_markup: {'inline_keyboard': [[{'text': 'Back', 'callback_data': 'help'}]]}
2021-01-22 00:41:02,581 - message: (text: Commands list:, id: 3061) | from: (username: ultimateadmin_bot, id: 1436848532 | chat: {'id': -1001262103286, 'type': 'supergroup', 'title': 'Test Chat'} | reply: (text: /add_admin
Reply to the user's message with this command to give him admin rights in the bot. To use this command you must be the owner of this chat or be an admin with permission to appoint new admins
Alternative form: Add admin, chat: (id: -1001262103286, first_name: None) | reply_markup: {'inline_keyboard': [[{'text': '/start', 'callback_data': 'command_description_start'}, {'text': '/help', 'callback_data': 'command_description_help'}, {'text': '/me', 'callback_data': 'command_description_me'}], [{'text': '/language', 'callback_data': 'command_description_language'}, {'text': '/add_admin', 'callback_data': 'command_description_add_admin'}, {'text': '/promote', 'callback_data': 'command_description_promote'}], [{'text': '/demote', 'callback_data': 'command_description_demote'}, {'text': '/pin', 'callback_data': 'command_description_pin'}, {'text': '/silent_pin', 'callback_data': 'command_description_silent_pin'}], [{'text': '/readonly', 'callback_data': 'command_description_readonly'}, {'text': '/restrict_media', 'callback_data': 'command_description_restrict_media'}, {'text': '/kick', 'callback_data': 'command_description_kick'}], [{'text': '/ban', 'callback_data': 'command_description_ban'}, {'text': '/unban', 'callback_data': 'command_description_unban'}]]}
2021-01-22 02:30:20,603 - message: (text: /help@ultimateadmin_bot, id: 3066) | from: (username: R_Sanek, id: 511120003 | chat: {'id': -1001262103286, 'type': 'supergroup', 'title': 'Test Chat'} | reply: (text: Commands list:, chat: (id: -1001262103286, first_name: None) | reply_markup: None
2021-01-22 02:30:27,601 - message: (text: Commands list:, id: 3067) | from: (username: ultimateadmin_bot, id: 1436848532 | chat: {'id': -1001262103286, 'type': 'supergroup', 'title': 'Test Chat'} | reply: (text: /add_admin
Reply to the user's message with this command to give him admin rights in the bot. To use this command you must be the owner of this chat or be an admin with permission to appoint new admins
Alternative forms: Add admin, chat: (id: -1001262103286, first_name: None) | reply_markup: {'inline_keyboard': [[{'text': '/start', 'callback_data': 'command_description_start'}, {'text': '/help', 'callback_data': 'command_description_help'}, {'text': '/me', 'callback_data': 'command_description_me'}], [{'text': '/language', 'callback_data': 'command_description_language'}, {'text': '/add_admin', 'callback_data': 'command_description_add_admin'}, {'text': '/promote', 'callback_data': 'command_description_promote'}], [{'text': '/demote', 'callback_data': 'command_description_demote'}, {'text': '/pin', 'callback_data': 'command_description_pin'}, {'text': '/silent_pin', 'callback_data': 'command_description_silent_pin'}], [{'text': '/readonly', 'callback_data': 'command_description_readonly'}, {'text': '/restrict_media', 'callback_data': 'command_description_restrict_media'}, {'text': '/kick', 'callback_data': 'command_description_kick'}], [{'text': '/ban', 'callback_data': 'command_description_ban'}, {'text': '/unban', 'callback_data': 'command_description_unban'}]]}
2021-01-22 02:30:28,820 - message: (text: /add_admin
Reply to the user's message with this command to give him admin rights in the bot. To use this command you must be the owner of this chat or be an admin with permission to appoint new admins
Alternative forms: Add admin, id: 3067) | from: (username: ultimateadmin_bot, id: 1436848532 | chat: {'id': -1001262103286, 'type': 'supergroup', 'title': 'Test Chat'} | reply: (text: Commands list:, chat: (id: -1001262103286, first_name: None) | reply_markup: {'inline_keyboard': [[{'text': 'Back', 'callback_data': 'help'}]]}
2021-01-22 02:30:29,666 - message: (text: Commands list:, id: 3067) | from: (username: ultimateadmin_bot, id: 1436848532 | chat: {'id': -1001262103286, 'type': 'supergroup', 'title': 'Test Chat'} | reply: (text: /help
This command shows the help menu with descriptions of all commands, chat: (id: -1001262103286, first_name: None) | reply_markup: {'inline_keyboard': [[{'text': '/start', 'callback_data': 'command_description_start'}, {'text': '/help', 'callback_data': 'command_description_help'}, {'text': '/me', 'callback_data': 'command_description_me'}], [{'text': '/language', 'callback_data': 'command_description_language'}, {'text': '/add_admin', 'callback_data': 'command_description_add_admin'}, {'text': '/promote', 'callback_data': 'command_description_promote'}], [{'text': '/demote', 'callback_data': 'command_description_demote'}, {'text': '/pin', 'callback_data': 'command_description_pin'}, {'text': '/silent_pin', 'callback_data': 'command_description_silent_pin'}], [{'text': '/readonly', 'callback_data': 'command_description_readonly'}, {'text': '/restrict_media', 'callback_data': 'command_description_restrict_media'}, {'text': '/kick', 'callback_data': 'command_description_kick'}], [{'text': '/ban', 'callback_data': 'command_description_ban'}, {'text': '/unban', 'callback_data': 'command_description_unban'}]]}
2021-01-22 02:30:30,810 - message: (text: /help
This command shows the help menu with descriptions of all commands, id: 3067) | from: (username: ultimateadmin_bot, id: 1436848532 | chat: {'id': -1001262103286, 'type': 'supergroup', 'title': 'Test Chat'} | reply: (text: Commands list:, chat: (id: -1001262103286, first_name: None) | reply_markup: {'inline_keyboard': [[{'text': 'Back', 'callback_data': 'help'}]]}
2021-01-22 02:32:34,871 - message: (text: Commands list:, id: 3067) | from: (username: ultimateadmin_bot, id: 1436848532 | chat: {'id': -1001262103286, 'type': 'supergroup', 'title': 'Test Chat'} | reply: (text: /me
This command shows information about the user, chat: (id: -1001262103286, first_name: None) | reply_markup: {'inline_keyboard': [[{'text': '/start', 'callback_data': 'command_description_start'}, {'text': '/help', 'callback_data': 'command_description_help'}, {'text': '/me', 'callback_data': 'command_description_me'}], [{'text': '/language', 'callback_data': 'command_description_language'}, {'text': '/add_admin', 'callback_data': 'command_description_add_admin'}, {'text': '/promote', 'callback_data': 'command_description_promote'}], [{'text': '/demote', 'callback_data': 'command_description_demote'}, {'text': '/pin', 'callback_data': 'command_description_pin'}, {'text': '/silent_pin', 'callback_data': 'command_description_silent_pin'}], [{'text': '/readonly', 'callback_data': 'command_description_readonly'}, {'text': '/restrict_media', 'callback_data': 'command_description_restrict_media'}, {'text': '/kick', 'callback_data': 'command_description_kick'}], [{'text': '/ban', 'callback_data': 'command_description_ban'}, {'text': '/unban', 'callback_data': 'command_description_unban'}]]}
2021-01-22 02:32:35,941 - message: (text: /me
This command shows information about the user, id: 3067) | from: (username: ultimateadmin_bot, id: 1436848532 | chat: {'id': -1001262103286, 'type': 'supergroup', 'title': 'Test Chat'} | reply: (text: Commands list:, chat: (id: -1001262103286, first_name: None) | reply_markup: {'inline_keyboard': [[{'text': 'Back', 'callback_data': 'help'}]]}
2021-01-22 02:32:37,926 - message: (text: /help@ultimateadmin_bot, id: 3068) | from: (username: R_Sanek, id: 511120003 | chat: {'id': -1001262103286, 'type': 'supergroup', 'title': 'Test Chat'} | reply: (text: Commands list:, chat: (id: -1001262103286, first_name: None) | reply_markup: None
2021-01-22 02:35:37,767 - message: (text: Commands list:, id: 3069) | from: (username: ultimateadmin_bot, id: 1436848532 | chat: {'id': -1001262103286, 'type': 'supergroup', 'title': 'Test Chat'} | reply: (text: Commands list:, chat: (id: -1001262103286, first_name: None) | reply_markup: {'inline_keyboard': [[{'text': '/start', 'callback_data': 'command_description_start'}, {'text': '/help', 'callback_data': 'command_description_help'}, {'text': '/me', 'callback_data': 'command_description_me'}], [{'text': '/language', 'callback_data': 'command_description_language'}, {'text': '/add_admin', 'callback_data': 'command_description_add_admin'}, {'text': '/promote', 'callback_data': 'command_description_promote'}], [{'text': '/demote', 'callback_data': 'command_description_demote'}, {'text': '/pin', 'callback_data': 'command_description_pin'}, {'text': '/silent_pin', 'callback_data': 'command_description_silent_pin'}], [{'text': '/readonly', 'callback_data': 'command_description_readonly'}, {'text': '/restrict_media', 'callback_data': 'command_description_restrict_media'}, {'text': '/kick', 'callback_data': 'command_description_kick'}], [{'text': '/ban', 'callback_data': 'command_description_ban'}, {'text': '/unban', 'callback_data': 'command_description_unban'}]]}
2021-01-22 02:35:40,521 - message: (text: /help
This command shows the help menu with descriptions of all commands, id: 3069) | from: (username: ultimateadmin_bot, id: 1436848532 | chat: {'id': -1001262103286, 'type': 'supergroup', 'title': 'Test Chat'} | reply: (text: Commands list:, chat: (id: -1001262103286, first_name: None) | reply_markup: {'inline_keyboard': [[{'text': 'Back', 'callback_data': 'help'}]]}
2021-01-22 02:35:41,318 - message: (text: Commands list:, id: 3069) | from: (username: ultimateadmin_bot, id: 1436848532 | chat: {'id': -1001262103286, 'type': 'supergroup', 'title': 'Test Chat'} | reply: (text: /add_admin
Reply to the user's message with this command to give him admin rights in the bot. To use this command you must be the owner of this chat or be an admin with permission to appoint new admins
Alternative forms: Add admin, chat: (id: -1001262103286, first_name: None) | reply_markup: {'inline_keyboard': [[{'text': '/start', 'callback_data': 'command_description_start'}, {'text': '/help', 'callback_data': 'command_description_help'}, {'text': '/me', 'callback_data': 'command_description_me'}], [{'text': '/language', 'callback_data': 'command_description_language'}, {'text': '/add_admin', 'callback_data': 'command_description_add_admin'}, {'text': '/promote', 'callback_data': 'command_description_promote'}], [{'text': '/demote', 'callback_data': 'command_description_demote'}, {'text': '/pin', 'callback_data': 'command_description_pin'}, {'text': '/silent_pin', 'callback_data': 'command_description_silent_pin'}], [{'text': '/readonly', 'callback_data': 'command_description_readonly'}, {'text': '/restrict_media', 'callback_data': 'command_description_restrict_media'}, {'text': '/kick', 'callback_data': 'command_description_kick'}], [{'text': '/ban', 'callback_data': 'command_description_ban'}, {'text': '/unban', 'callback_data': 'command_description_unban'}]]}
2021-01-22 02:35:42,284 - message: (text: /add_admin
Reply to the user's message with this command to give him admin rights in the bot. To use this command you must be the owner of this chat or be an admin with permission to appoint new admins
Alternative forms: Add admin, id: 3069) | from: (username: ultimateadmin_bot, id: 1436848532 | chat: {'id': -1001262103286, 'type': 'supergroup', 'title': 'Test Chat'} | reply: (text: Commands list:, chat: (id: -1001262103286, first_name: None) | reply_markup: {'inline_keyboard': [[{'text': 'Back', 'callback_data': 'help'}]]}
2021-01-22 02:39:50,036 - message: (text: Commands list:, id: 3069) | from: (username: ultimateadmin_bot, id: 1436848532 | chat: {'id': -1001262103286, 'type': 'supergroup', 'title': 'Test Chat'} | reply: (text: /start <language(optional)>
Example: /start ; /start en
This command activates the bot in this chat, can be used to select the bot's language, chat: (id: -1001262103286, first_name: None) | reply_markup: {'inline_keyboard': [[{'text': '/start', 'callback_data': 'command_description_start'}, {'text': '/help', 'callback_data': 'command_description_help'}, {'text': '/me', 'callback_data': 'command_description_me'}], [{'text': '/language', 'callback_data': 'command_description_language'}, {'text': '/add_admin', 'callback_data': 'command_description_add_admin'}, {'text': '/promote', 'callback_data': 'command_description_promote'}], [{'text': '/demote', 'callback_data': 'command_description_demote'}, {'text': '/pin', 'callback_data': 'command_description_pin'}, {'text': '/silent_pin', 'callback_data': 'command_description_silent_pin'}], [{'text': '/readonly', 'callback_data': 'command_description_readonly'}, {'text': '/restrict_media', 'callback_data': 'command_description_restrict_media'}, {'text': '/kick', 'callback_data': 'command_description_kick'}], [{'text': '/ban', 'callback_data': 'command_description_ban'}, {'text': '/unban', 'callback_data': 'command_description_unban'}]]}
2021-01-22 02:39:56,476 - message: (text: /start <language(optional)>
Example: /start ; /start en
This command activates the bot in this chat, can be used to select the bot's language, id: 3069) | from: (username: ultimateadmin_bot, id: 1436848532 | chat: {'id': -1001262103286, 'type': 'supergroup', 'title': 'Test Chat'} | reply: (text: Commands list:, chat: (id: -1001262103286, first_name: None) | reply_markup: {'inline_keyboard': [[{'text': 'Back', 'callback_data': 'help'}]]}
2021-01-22 02:39:57,945 - message: (text: Commands list:, id: 3069) | from: (username: ultimateadmin_bot, id: 1436848532 | chat: {'id': -1001262103286, 'type': 'supergroup', 'title': 'Test Chat'} | reply: (text: /restrict_media <duration><time measurement units(m|h|d for minutes|hours|days)>
Reply to the user's message with this command to restrict him from sending any messages other than text. To use this command you must be the owner of this chat, be an admin with permission to ban users or have rights level 2 in the bot. The owner of this chat, admins and users with admin rights in the bot cannot be banned
Alternative forms: Restrict media, Ban media, chat: (id: -1001262103286, first_name: None) | reply_markup: {'inline_keyboard': [[{'text': '/start', 'callback_data': 'command_description_start'}, {'text': '/help', 'callback_data': 'command_description_help'}, {'text': '/me', 'callback_data': 'command_description_me'}], [{'text': '/language', 'callback_data': 'command_description_language'}, {'text': '/add_admin', 'callback_data': 'command_description_add_admin'}, {'text': '/promote', 'callback_data': 'command_description_promote'}], [{'text': '/demote', 'callback_data': 'command_description_demote'}, {'text': '/pin', 'callback_data': 'command_description_pin'}, {'text': '/silent_pin', 'callback_data': 'command_description_silent_pin'}], [{'text': '/readonly', 'callback_data': 'command_description_readonly'}, {'text': '/restrict_media', 'callback_data': 'command_description_restrict_media'}, {'text': '/kick', 'callback_data': 'command_description_kick'}], [{'text': '/ban', 'callback_data': 'command_description_ban'}, {'text': '/unban', 'callback_data': 'command_description_unban'}]]}
2021-01-22 19:09:20,064 - message: (text: /help@ultimateadmin_bot, id: 3073) | from: (username: Rez_Oleksandr, id: 414952376 | chat: {'id': -1001262103286, 'type': 'supergroup', 'title': 'Test Chat'} | reply: (text: Commands list:, chat: (id: -1001262103286, first_name: None) | reply_markup: None
2021-01-22 19:09:25,965 - message: (text: Commands list:, id: 3074) | from: (username: ultimateadmin_bot, id: 1436848532 | chat: {'id': -1001262103286, 'type': 'supergroup', 'title': 'Test Chat'} | reply: (text: /me
This command shows information about the user, chat: (id: -1001262103286, first_name: None) | reply_markup: {'inline_keyboard': [[{'text': '/start', 'callback_data': 'command_description_start'}, {'text': '/help', 'callback_data': 'command_description_help'}, {'text': '/me', 'callback_data': 'command_description_me'}], [{'text': '/language', 'callback_data': 'command_description_language'}, {'text': '/add_admin', 'callback_data': 'command_description_add_admin'}, {'text': '/promote', 'callback_data': 'command_description_promote'}], [{'text': '/demote', 'callback_data': 'command_description_demote'}, {'text': '/pin', 'callback_data': 'command_description_pin'}, {'text': '/silent_pin', 'callback_data': 'command_description_silent_pin'}], [{'text': '/readonly', 'callback_data': 'command_description_readonly'}, {'text': '/restrict_media', 'callback_data': 'command_description_restrict_media'}, {'text': '/kick', 'callback_data': 'command_description_kick'}], [{'text': '/ban', 'callback_data': 'command_description_ban'}, {'text': '/unban', 'callback_data': 'command_description_unban'}]]}
2021-01-22 19:09:27,605 - message: (text: /me
This command shows information about the user, id: 3074) | from: (username: ultimateadmin_bot, id: 1436848532 | chat: {'id': -1001262103286, 'type': 'supergroup', 'title': 'Test Chat'} | reply: (text: Commands list:, chat: (id: -1001262103286, first_name: None) | reply_markup: {'inline_keyboard': [[{'text': 'Back', 'callback_data': 'help'}]]}
2021-01-22 19:09:28,841 - message: (text: Commands list:, id: 3074) | from: (username: ultimateadmin_bot, id: 1436848532 | chat: {'id': -1001262103286, 'type': 'supergroup', 'title': 'Test Chat'} | reply: (text: /unban
Reply to the user's message with this command to lift all restrictions off him. To use this command you must be the owner of this chat, be an admin with permission to ban users or have rights level 2 in the bot
Alternative forms: Unban, chat: (id: -1001262103286, first_name: None) | reply_markup: {'inline_keyboard': [[{'text': '/start', 'callback_data': 'command_description_start'}, {'text': '/help', 'callback_data': 'command_description_help'}, {'text': '/me', 'callback_data': 'command_description_me'}], [{'text': '/language', 'callback_data': 'command_description_language'}, {'text': '/add_admin', 'callback_data': 'command_description_add_admin'}, {'text': '/promote', 'callback_data': 'command_description_promote'}], [{'text': '/demote', 'callback_data': 'command_description_demote'}, {'text': '/pin', 'callback_data': 'command_description_pin'}, {'text': '/silent_pin', 'callback_data': 'command_description_silent_pin'}], [{'text': '/readonly', 'callback_data': 'command_description_readonly'}, {'text': '/restrict_media', 'callback_data': 'command_description_restrict_media'}, {'text': '/kick', 'callback_data': 'command_description_kick'}], [{'text': '/ban', 'callback_data': 'command_description_ban'}, {'text': '/unban', 'callback_data': 'command_description_unban'}]]}
2021-01-22 19:09:31,066 - message: (text: /unban
Reply to the user's message with this command to lift all restrictions off him. To use this command you must be the owner of this chat, be an admin with permission to ban users or have rights level 2 in the bot
Alternative forms: Unban, id: 3074) | from: (username: ultimateadmin_bot, id: 1436848532 | chat: {'id': -1001262103286, 'type': 'supergroup', 'title': 'Test Chat'} | reply: (text: Commands list:, chat: (id: -1001262103286, first_name: None) | reply_markup: {'inline_keyboard': [[{'text': 'Back', 'callback_data': 'help'}]]}
